2019-11-06 13:56:31 DEBUG Main:24 - This is a DEBUG log message
2019-11-06 13:56:31 INFO  Main:25 - This is a INFO log message
2019-11-06 13:56:31 WARN  Main:26 - This is a WARN log message
2019-11-06 13:56:31 ERROR Main:27 - This is a ERROR log message
2019-11-06 13:56:31 FATAL Main:28 - This is a FATAL log message
2019-11-06 14:25:59 DEBUG Main:25 - This is a DEBUG log message
2019-11-06 14:25:59 INFO  Main:26 - This is a INFO log message
2019-11-06 14:25:59 WARN  Main:28 - This is a WARN log message
2019-11-06 14:25:59 ERROR Main:29 - This is a ERROR log message
2019-11-06 14:25:59 FATAL Main:30 - This is a FATAL log message
2019-11-06 14:25:59 ERROR Main:36 - An exception occurred: java.lang.ArithmeticException: / by zero
2019-11-07 15:50:33 ERROR Main:27 - MySQL Driver not found!java.lang.ClassNotFoundException: com.mysql.jdbc.Driver
2019-11-07 16:03:57 ERROR Main:27 - MySQL Driver not found!java.lang.ClassNotFoundException: com.mysql.jdbc.Driver
2019-11-07 16:06:19 INFO  Main:31 - MySQL Driver Registered
2019-11-07 16:13:18 INFO  Main:34 - MySQL Driver Registered
2019-11-07 16:13:19 ERROR Main:40 - Connection failed!java.sql.SQLException: Access denied for user 'root'@'localhost' (using password: YES)
2019-11-07 16:14:53 INFO  Main:34 - MySQL Driver Registered
2019-11-07 16:14:53 ERROR Main:40 - Connection failed!com.mysql.jdbc.exceptions.jdbc4.MySQLSyntaxErrorException: Unknown database 'hr'
2019-11-07 16:16:46 INFO  Main:34 - MySQL Driver Registered
2019-11-07 16:16:46 ERROR Main:40 - Connection failed!com.mysql.jdbc.exceptions.jdbc4.MySQLSyntaxErrorException: Unknown database 'db'
2019-11-07 16:20:25 INFO  Main:34 - MySQL Driver Registered
2019-11-07 16:20:25 ERROR Main:40 - Connection failed!com.mysql.jdbc.exceptions.jdbc4.MySQLSyntaxErrorException: Unknown database 'mydb'
2019-11-07 16:20:47 INFO  Main:34 - MySQL Driver Registered
2019-11-07 16:20:48 INFO  Main:44 - Successfully connected to MySQL database
2019-11-07 16:28:33 INFO  Main:39 - MySQL Driver Registered
2019-11-07 16:28:34 INFO  Main:49 - Successfully connected to MySQL database
2019-11-07 16:51:24 INFO  Main:39 - MySQL Driver Registered
2019-11-07 16:51:24 INFO  Main:49 - Successfully connected to MySQL database
2019-11-07 16:53:37 INFO  Main:39 - MySQL Driver Registered
2019-11-07 16:53:38 INFO  Main:49 - Successfully connected to MySQL database
2019-11-11 09:30:33 INFO  Main:54 - MySQL Driver Registered
2019-11-11 09:30:33 INFO  Main:64 - Successfully connected to MySQL database
2019-11-11 09:30:33 ERROR Main:37 - com.mysql.jdbc.exceptions.jdbc4.MySQLSyntaxErrorException: Table 'db2.person' doesn't exist
2019-11-11 09:31:34 INFO  Main:55 - MySQL Driver Registered
2019-11-11 09:31:34 INFO  Main:65 - Successfully connected to MySQL database
2019-11-11 09:31:52 INFO  Main:55 - MySQL Driver Registered
2019-11-11 09:31:52 INFO  Main:65 - Successfully connected to MySQL database
2019-11-11 09:31:52 ERROR Main:38 - com.mysql.jdbc.exceptions.jdbc4.MySQLSyntaxErrorException: Table 'db2.person' doesn't exist
2019-11-11 09:37:24 INFO  Main:55 - MySQL Driver Registered
2019-11-11 09:37:25 INFO  Main:65 - Successfully connected to MySQL database
2019-11-11 09:37:25 ERROR Main:38 - com.mysql.jdbc.exceptions.jdbc4.MySQLSyntaxErrorException: Table 'db2.person' doesn't exist
2019-11-11 09:39:32 INFO  Main:55 - MySQL Driver Registered
2019-11-11 09:39:32 INFO  Main:65 - Successfully connected to MySQL database
2019-11-11 09:39:52 INFO  Main:55 - MySQL Driver Registered
2019-11-11 09:39:52 INFO  Main:65 - Successfully connected to MySQL database
2019-11-11 09:39:52 ERROR Main:38 - com.mysql.jdbc.exceptions.jdbc4.MySQLSyntaxErrorException: Table 'db2.person' doesn't exist
2019-11-11 09:40:30 INFO  Main:55 - MySQL Driver Registered
2019-11-11 09:40:31 INFO  Main:65 - Successfully connected to MySQL database
2019-11-11 09:40:31 INFO  Main:33 - Dan Simmer
2019-11-11 09:40:31 INFO  Main:33 - James McRoberts
2019-11-11 09:40:31 INFO  Main:33 - Adrian Ratnayake
2019-11-11 09:40:31 INFO  Main:33 - Sean Nilsen
2019-11-11 09:40:31 INFO  Main:33 - Eric Begin
2019-11-11 09:40:31 INFO  Main:33 - Kevin Love
2019-11-11 09:40:31 INFO  Main:33 - Michael Jordan
2019-11-11 09:40:31 INFO  Main:33 - Jim Beam
2019-11-11 09:47:06 INFO  Main:59 - MySQL Driver Registered
2019-11-11 09:47:07 INFO  Main:69 - Successfully connected to MySQL database
2019-11-11 09:47:07 INFO  Main:37 - 1: Dan Simmer
2019-11-11 09:47:07 INFO  Main:37 - 2: James McRoberts
2019-11-11 09:47:07 INFO  Main:37 - 3: Adrian Ratnayake
2019-11-11 09:47:07 INFO  Main:37 - 4: Sean Nilsen
2019-11-11 09:47:07 INFO  Main:37 - 5: Eric Begin
2019-11-11 09:47:07 INFO  Main:37 - 6: Kevin Love
2019-11-11 09:47:07 INFO  Main:37 - 7: Michael Jordan
2019-11-11 09:47:07 INFO  Main:37 - 8: Jim Beam
2019-11-11 10:02:36 INFO  Main:59 - MySQL Driver Registered
2019-11-11 10:02:36 ERROR Main:65 - Connection failed!java.sql.SQLException: Access denied for user 'console'@'localhost' (using password: YES)
2019-11-11 10:03:17 INFO  Main:59 - MySQL Driver Registered
2019-11-11 10:03:18 ERROR Main:65 - Connection failed!java.sql.SQLException: Access denied for user 'console'@'localhost' (using password: YES)
2019-11-11 10:03:57 INFO  Main:59 - MySQL Driver Registered
2019-11-11 10:03:58 ERROR Main:65 - Connection failed!java.sql.SQLException: Access denied for user 'console'@'localhost' (using password: YES)
2019-11-11 10:10:08 INFO  Main:59 - MySQL Driver Registered
2019-11-11 10:10:09 INFO  Main:69 - Successfully connected to MySQL database
2019-11-11 10:10:23 INFO  Main:59 - MySQL Driver Registered
2019-11-11 10:10:24 INFO  Main:69 - Successfully connected to MySQL database
2019-11-11 10:10:24 INFO  Main:37 - 1: Dan Simmer
2019-11-11 10:10:24 INFO  Main:37 - 2: James McRoberts
2019-11-11 10:10:24 INFO  Main:37 - 3: Adrian Ratnayake
2019-11-11 10:10:24 INFO  Main:37 - 4: Sean Nilsen
2019-11-11 10:10:24 INFO  Main:37 - 5: Eric Begin
2019-11-11 10:10:24 INFO  Main:37 - 6: Kevin Love
2019-11-11 10:10:24 INFO  Main:37 - 7: Michael Jordan
2019-11-11 10:10:24 INFO  Main:37 - 8: Jim Beam
2019-11-11 10:25:25 INFO  Main:61 - MySQL Driver Registered
2019-11-11 10:25:26 INFO  Main:71 - Successfully connected to MySQL database
2019-11-11 10:25:26 INFO  Main:37 - 1: Dan Simmer
2019-11-11 10:25:26 INFO  Main:37 - 2: James McRoberts
2019-11-11 10:25:26 INFO  Main:37 - 3: Adrian Ratnayake
2019-11-11 10:25:26 INFO  Main:37 - 4: Sean Nilsen
2019-11-11 10:25:26 INFO  Main:37 - 5: Eric Begin
2019-11-11 10:25:26 INFO  Main:37 - 6: Kevin Love
2019-11-11 10:25:26 INFO  Main:37 - 7: Michael Jordan
2019-11-11 10:25:26 INFO  Main:37 - 8: Jim Beam
2019-11-12 10:34:02 INFO  MySQL:27 - MySQL Driver Registered
2019-11-12 10:34:04 INFO  MySQL:36 - Successfully connected to MySQL database
2019-11-12 10:40:07 INFO  MySQL:27 - MySQL Driver Registered
2019-11-12 10:40:08 INFO  MySQL:36 - Successfully connected to MySQL database
2019-11-12 10:51:04 INFO  MySQL:27 - MySQL Driver Registered
2019-11-12 10:51:04 INFO  MySQL:36 - Successfully connected to MySQL database
2019-11-12 10:54:30 INFO  MySQL:27 - MySQL Driver Registered
2019-11-12 10:54:31 INFO  MySQL:36 - Successfully connected to MySQL database
2019-11-12 10:55:00 INFO  MySQL:27 - MySQL Driver Registered
2019-11-12 10:55:01 INFO  MySQL:36 - Successfully connected to MySQL database
2019-11-12 11:21:54 ERROR Main:37 - SSMS Driver not found!java.lang.ClassNotFoundException: com.mssql.jdbc.Driver
2019-11-12 11:21:54 INFO  Main:39 - MySQL Driver Registered
2019-11-12 11:21:55 INFO  Main:48 - Successfully connected to MySQL database
2019-11-12 11:22:39 ERROR Main:37 - SSMS Driver not found!java.lang.ClassNotFoundException: com.mssql.jdbc.Driver
2019-11-12 11:22:39 INFO  Main:39 - MySQL Driver Registered
2019-11-12 11:22:40 INFO  Main:49 - Successfully connected to MySQL database
2019-11-12 11:30:15 ERROR Main:37 - SSMS Driver not found!java.lang.ClassNotFoundException: com.mssql.jdbc.Driver
2019-11-12 11:30:15 INFO  Main:39 - SSMS Driver Registered
2019-11-12 11:30:16 INFO  Main:49 - Successfully connected to SSMS database
2019-11-12 11:34:06 ERROR Main:37 - SSMS Driver not found!java.lang.ClassNotFoundException: com.mssql.jdbc.Driver
2019-11-12 11:34:06 INFO  Main:39 - SSMS Driver Registered
2019-11-12 11:34:06 ERROR Main:45 - Connection failed!java.sql.SQLException: No suitable driver found for mssql.jdbc://localhost:3306/db2?useSSL=false&noAccessToProcedureBodies=true
2019-11-12 11:39:02 ERROR Main:37 - SSMS Driver not found!java.lang.ClassNotFoundException: com.mssql.jdbc.Driver
2019-11-12 11:39:02 INFO  Main:39 - SSMS Driver Registered
2019-11-12 11:39:17 ERROR Main:45 - Connection failed!com.microsoft.sqlserver.jdbc.SQLServerException: The TCP/IP connection to the host localhost, port 3306 has failed. Error: "The driver received an unexpected pre-login response. Verify the connection properties and check that an instance of SQL Server is running on the host and accepting TCP/IP connections at the port. This driver can be used only with SQL Server 2005 or later.". ClientConnectionId:2ac81c81-9957-41e8-b92e-f67eb847f540
2019-11-12 11:47:24 INFO  Main:39 - SSMS Driver Registered
2019-11-12 11:47:39 ERROR Main:45 - Connection failed!com.microsoft.sqlserver.jdbc.SQLServerException: The TCP/IP connection to the host localhost, port 3306 has failed. Error: "The driver received an unexpected pre-login response. Verify the connection properties and check that an instance of SQL Server is running on the host and accepting TCP/IP connections at the port. This driver can be used only with SQL Server 2005 or later.". ClientConnectionId:0e0ad4a6-2b33-4b64-afe3-5c5162b759df
2019-11-12 12:31:38 INFO  Main:38 - SSMS Driver Registered
2019-11-12 12:31:53 ERROR Main:44 - Connection failed!com.microsoft.sqlserver.jdbc.SQLServerException: The TCP/IP connection to the host localhost, port 3306 has failed. Error: "The driver received an unexpected pre-login response. Verify the connection properties and check that an instance of SQL Server is running on the host and accepting TCP/IP connections at the port. This driver can be used only with SQL Server 2005 or later.". ClientConnectionId:a0ffdd8d-0002-40fb-9773-283b41978ad4
2019-11-12 12:42:19 INFO  Main:38 - SSMS Driver Registered
2019-11-12 12:42:19 ERROR Main:44 - Connection failed!com.mysql.jdbc.exceptions.jdbc4.MySQLNonTransientConnectionException: Cannot load connection class because of underlying exception: 'java.lang.NumberFormatException: For input string: "3306;databaseName=db2;user=consoleUser;password=qwe123$!"'.
2019-11-12 12:49:06 INFO  Main:38 - SSMS Driver Registered
2019-11-12 12:49:21 ERROR Main:44 - Connection failed!com.microsoft.sqlserver.jdbc.SQLServerException: The TCP/IP connection to the host localhost, port 3306 has failed. Error: "The driver received an unexpected pre-login response. Verify the connection properties and check that an instance of SQL Server is running on the host and accepting TCP/IP connections at the port. This driver can be used only with SQL Server 2005 or later.". ClientConnectionId:a5644907-e34b-4960-a27a-637c680e8a81
2019-11-12 13:02:39 INFO  Main:38 - SSMS Driver Registered
2019-11-12 13:02:54 ERROR Main:44 - Connection failed!com.microsoft.sqlserver.jdbc.SQLServerException: The TCP/IP connection to the host localhost, port 3306 has failed. Error: "The driver received an unexpected pre-login response. Verify the connection properties and check that an instance of SQL Server is running on the host and accepting TCP/IP connections at the port. This driver can be used only with SQL Server 2005 or later.". ClientConnectionId:975fb44a-012a-4ae0-9f2e-947b81fe24d4
2019-11-12 13:23:43 INFO  Main:38 - SSMS Driver Registered
2019-11-12 13:23:58 ERROR Main:44 - Connection failed!com.microsoft.sqlserver.jdbc.SQLServerException: The TCP/IP connection to the host localhost, port 3306 has failed. Error: "The driver received an unexpected pre-login response. Verify the connection properties and check that an instance of SQL Server is running on the host and accepting TCP/IP connections at the port. This driver can be used only with SQL Server 2005 or later.". ClientConnectionId:10c5ac74-a3be-44cb-b01d-203078ecaf3b
2019-11-12 13:26:18 INFO  Main:38 - SSMS Driver Registered
2019-11-12 13:26:33 ERROR Main:44 - Connection failed!com.microsoft.sqlserver.jdbc.SQLServerException: The TCP/IP connection to the host localhost, port 1443 has failed. Error: "Connection refused (Connection refused). Verify the connection properties. Make sure that an instance of SQL Server is running on the host and accepting TCP/IP connections at the port. Make sure that TCP connections to the port are not blocked by a firewall.".
2019-11-12 13:34:24 INFO  Main:38 - SSMS Driver Registered
2019-11-12 13:34:39 ERROR Main:44 - Connection failed!com.microsoft.sqlserver.jdbc.SQLServerException: The TCP/IP connection to the host localhost, port 1443 has failed. Error: "Connection refused (Connection refused). Verify the connection properties. Make sure that an instance of SQL Server is running on the host and accepting TCP/IP connections at the port. Make sure that TCP connections to the port are not blocked by a firewall.".
2019-11-12 13:52:25 INFO  Main:38 - SSMS Driver Registered
2019-11-12 13:52:40 ERROR Main:44 - Connection failed!com.microsoft.sqlserver.jdbc.SQLServerException: The TCP/IP connection to the host localhost, port 1443 has failed. Error: "Connection refused (Connection refused). Verify the connection properties. Make sure that an instance of SQL Server is running on the host and accepting TCP/IP connections at the port. Make sure that TCP connections to the port are not blocked by a firewall.".
2019-11-12 14:03:53 INFO  Main:38 - SSMS Driver Registered
2019-11-12 14:04:08 ERROR Main:44 - Connection failed!com.microsoft.sqlserver.jdbc.SQLServerException: The TCP/IP connection to the host localhost, port 1443 has failed. Error: "Connection refused (Connection refused). Verify the connection properties. Make sure that an instance of SQL Server is running on the host and accepting TCP/IP connections at the port. Make sure that TCP connections to the port are not blocked by a firewall.".
2019-11-12 14:20:46 INFO  Main:38 - SSMS Driver Registered
2019-11-12 14:20:47 ERROR Main:44 - Connection failed!com.microsoft.sqlserver.jdbc.SQLServerException: The driver could not establish a secure connection to SQL Server by using Secure Sockets Layer (SSL) encryption. Error: "Unexpected rethrowing".
2019-11-12 14:27:00 INFO  Main:38 - SSMS Driver Registered
2019-11-12 14:27:15 ERROR Main:44 - Connection failed!com.microsoft.sqlserver.jdbc.SQLServerException: The TCP/IP connection to the host localhost, port 1443 has failed. Error: "Connection refused (Connection refused). Verify the connection properties. Make sure that an instance of SQL Server is running on the host and accepting TCP/IP connections at the port. Make sure that TCP connections to the port are not blocked by a firewall.".
2019-11-12 14:58:54 INFO  Main:38 - SSMS Driver Registered
2019-11-12 14:59:08 ERROR Main:44 - Connection failed!com.microsoft.sqlserver.jdbc.SQLServerException: The TCP/IP connection to the host localhost, port 1443 has failed. Error: "Connection refused (Connection refused). Verify the connection properties. Make sure that an instance of SQL Server is running on the host and accepting TCP/IP connections at the port. Make sure that TCP connections to the port are not blocked by a firewall.".
2019-11-12 14:59:33 INFO  Main:38 - SSMS Driver Registered
2019-11-12 14:59:47 ERROR Main:44 - Connection failed!com.microsoft.sqlserver.jdbc.SQLServerException: The TCP/IP connection to the host localhost, port 1550 has failed. Error: "Connection refused (Connection refused). Verify the connection properties. Make sure that an instance of SQL Server is running on the host and accepting TCP/IP connections at the port. Make sure that TCP connections to the port are not blocked by a firewall.".
2019-11-12 15:00:08 INFO  Main:38 - SSMS Driver Registered
2019-11-12 15:00:08 ERROR Main:44 - Connection failed!com.microsoft.sqlserver.jdbc.SQLServerException: The driver could not establish a secure connection to SQL Server by using Secure Sockets Layer (SSL) encryption. Error: "Unexpected rethrowing".
2019-11-12 15:01:45 INFO  Main:38 - SSMS Driver Registered
2019-11-12 15:01:45 ERROR Main:44 - Connection failed!com.microsoft.sqlserver.jdbc.SQLServerException: The driver could not establish a secure connection to SQL Server by using Secure Sockets Layer (SSL) encryption. Error: "Unexpected rethrowing".
2019-11-12 15:22:59 INFO  Main:38 - SSMS Driver Registered
2019-11-12 15:22:59 ERROR Main:44 - Connection failed!com.microsoft.sqlserver.jdbc.SQLServerException: The driver could not establish a secure connection to SQL Server by using Secure Sockets Layer (SSL) encryption. Error: "Unexpected rethrowing".
2019-11-12 15:26:19 INFO  Main:38 - SSMS Driver Registered
2019-11-12 15:26:19 ERROR Main:44 - Connection failed!com.microsoft.sqlserver.jdbc.SQLServerException: The driver could not establish a secure connection to SQL Server by using Secure Sockets Layer (SSL) encryption. Error: "Unexpected rethrowing".
2019-11-12 15:26:37 INFO  Main:38 - SSMS Driver Registered
2019-11-12 15:26:38 ERROR Main:44 - Connection failed!com.microsoft.sqlserver.jdbc.SQLServerException: The driver could not establish a secure connection to SQL Server by using Secure Sockets Layer (SSL) encryption. Error: "Unexpected rethrowing".
2019-11-12 15:26:52 INFO  Main:38 - SSMS Driver Registered
2019-11-12 15:26:52 ERROR Main:44 - Connection failed!com.microsoft.sqlserver.jdbc.SQLServerException: The driver could not establish a secure connection to SQL Server by using Secure Sockets Layer (SSL) encryption. Error: "Unexpected rethrowing".
2019-11-12 17:07:09 INFO  Main:38 - SSMS Driver Registered
2019-11-12 17:07:10 ERROR Main:44 - Connection failed!org.postgresql.util.PSQLException: Could not open SSL root certificate file /home/tucker/.postgresql/root.crt.
2019-11-12 17:08:19 INFO  Main:38 - SSMS Driver Registered
2019-11-12 17:08:19 ERROR Main:44 - Connection failed!org.postgresql.util.PSQLException: Could not open SSL root certificate file /home/tucker/.postgresql/root.crt.
2019-11-12 17:11:34 INFO  Main:38 - SSMS Driver Registered
2019-11-12 17:11:34 ERROR Main:44 - Connection failed!org.postgresql.util.PSQLException: FATAL: password authentication failed for user "tucker"
2019-11-12 17:11:54 INFO  Main:38 - SSMS Driver Registered
2019-11-12 17:11:55 ERROR Main:44 - Connection failed!org.postgresql.util.PSQLException: FATAL: password authentication failed for user "tucker"
2019-11-13 08:55:07 INFO  Main:38 - SSMS Driver Registered
2019-11-13 08:55:09 ERROR Main:44 - Connection failed!org.postgresql.util.PSQLException: FATAL: password authentication failed for user "tucker"
2019-11-13 08:55:43 INFO  Main:38 - SSMS Driver Registered
2019-11-13 08:55:43 ERROR Main:44 - Connection failed!org.postgresql.util.PSQLException: FATAL: password authentication failed for user "tucker"
2019-11-13 09:00:26 INFO  Main:38 - SSMS Driver Registered
2019-11-13 09:00:27 ERROR Main:44 - Connection failed!org.postgresql.util.PSQLException: FATAL: password authentication failed for user "tucker"
2019-11-13 09:20:34 INFO  Main:38 - SSMS Driver Registered
2019-11-13 09:20:35 ERROR Main:44 - Connection failed!org.postgresql.util.PSQLException: FATAL: database "test" does not exist
2019-11-13 09:21:14 INFO  Main:38 - SSMS Driver Registered
2019-11-13 09:21:15 INFO  Main:48 - Successfully connected to SSMS database
2019-11-13 09:22:36 INFO  Main:38 - SSMS Driver Registered
2019-11-13 09:22:37 ERROR Main:44 - Connection failed!org.postgresql.util.PSQLException: FATAL: password authentication failed for user "tucker"
2019-11-13 09:22:48 INFO  Main:38 - SSMS Driver Registered
2019-11-13 09:22:48 ERROR Main:44 - Connection failed!org.postgresql.util.PSQLException: FATAL: password authentication failed for user "tucker"
2019-11-13 09:23:01 INFO  Main:38 - SSMS Driver Registered
2019-11-13 09:23:01 ERROR Main:44 - Connection failed!org.postgresql.util.PSQLException: FATAL: password authentication failed for user "tucker"
2019-11-13 09:23:19 INFO  Main:38 - SSMS Driver Registered
2019-11-13 09:23:20 INFO  Main:48 - Successfully connected to SSMS database
2019-11-13 10:51:59 INFO  MySQL:34 - MySQL Driver Registered
2019-11-13 10:52:00 INFO  MySQL:43 - Successfully connected to MySQL database
2019-11-13 13:17:41 INFO  MySQL:34 - MySQL Driver Registered
2019-11-13 13:17:42 INFO  MySQL:43 - Successfully connected to MySQL database
2019-11-13 13:39:20 INFO  MySQL:34 - MySQL Driver Registered
2019-11-13 13:39:21 INFO  MySQL:43 - Successfully connected to MySQL database
2019-11-13 13:41:22 INFO  MySQL:34 - MySQL Driver Registered
2019-11-13 13:41:23 INFO  MySQL:43 - Successfully connected to MySQL database
2019-11-13 13:45:10 INFO  MySQL:34 - MySQL Driver Registered
2019-11-13 13:45:10 INFO  MySQL:43 - Successfully connected to MySQL database
2019-11-13 13:46:17 INFO  MySQL:34 - MySQL Driver Registered
2019-11-13 13:46:18 INFO  MySQL:43 - Successfully connected to MySQL database
2019-11-13 13:48:47 INFO  MySQL:34 - MySQL Driver Registered
2019-11-13 13:48:48 INFO  MySQL:43 - Successfully connected to MySQL database
2019-11-13 13:49:44 INFO  MySQL:34 - MySQL Driver Registered
2019-11-13 13:49:44 INFO  MySQL:43 - Successfully connected to MySQL database
2019-11-13 13:50:33 INFO  MySQL:34 - MySQL Driver Registered
2019-11-13 13:50:33 INFO  MySQL:43 - Successfully connected to MySQL database
2019-11-13 13:59:30 INFO  MySQL:34 - MySQL Driver Registered
2019-11-13 13:59:30 INFO  MySQL:43 - Successfully connected to MySQL database
2019-11-13 14:01:23 INFO  MySQL:34 - MySQL Driver Registered
2019-11-13 14:01:23 INFO  MySQL:43 - Successfully connected to MySQL database
2019-11-13 14:03:26 INFO  MySQL:34 - MySQL Driver Registered
2019-11-13 14:03:27 INFO  MySQL:43 - Successfully connected to MySQL database
2019-11-13 14:05:03 INFO  MySQL:34 - MySQL Driver Registered
2019-11-13 14:05:04 INFO  MySQL:43 - Successfully connected to MySQL database
2019-11-13 14:09:26 INFO  MySQL:34 - MySQL Driver Registered
2019-11-13 14:09:27 INFO  MySQL:43 - Successfully connected to MySQL database
2019-11-13 14:13:04 INFO  MySQL:34 - MySQL Driver Registered
2019-11-13 14:13:05 INFO  MySQL:43 - Successfully connected to MySQL database
2019-11-13 14:15:21 INFO  MySQL:34 - MySQL Driver Registered
2019-11-13 14:15:22 INFO  MySQL:43 - Successfully connected to MySQL database
2019-11-13 14:15:32 INFO  MySQL:34 - MySQL Driver Registered
2019-11-13 14:15:33 INFO  MySQL:43 - Successfully connected to MySQL database
2019-11-13 14:16:26 INFO  MySQL:34 - MySQL Driver Registered
2019-11-13 14:17:01 INFO  MySQL:43 - Successfully connected to MySQL database
2019-11-13 14:18:57 INFO  MySQL:34 - MySQL Driver Registered
2019-11-13 14:18:58 INFO  MySQL:42 - Successfully connected to MySQL database
2019-11-13 14:18:58 ERROR MySQL:53 - java.sql.SQLException: Column Index out of range, 4 > 3. 
2019-11-13 14:19:04 INFO  MySQL:34 - MySQL Driver Registered
2019-11-13 14:19:04 INFO  MySQL:42 - Successfully connected to MySQL database
2019-11-13 14:19:04 ERROR MySQL:29 - java.sql.SQLException: Column Index out of range, 4 > 3. 
2019-11-13 14:31:27 INFO  MySQL:34 - MySQL Driver Registered
2019-11-13 14:31:28 INFO  MySQL:42 - Successfully connected to MySQL database
2019-11-13 14:31:28 ERROR MySQL:53 - java.sql.SQLException: Column Index out of range, 4 > 3. 
2019-11-13 14:36:35 INFO  MySQL:34 - MySQL Driver Registered
2019-11-13 14:36:36 INFO  MySQL:42 - Successfully connected to MySQL database
2019-11-13 14:36:36 ERROR MySQL:53 - java.sql.SQLException: Column Index out of range, 4 > 3. 
2019-11-13 15:09:47 INFO  MySQL:34 - MySQL Driver Registered
2019-11-13 15:09:48 INFO  MySQL:42 - Successfully connected to MySQL database
2019-11-13 15:09:48 ERROR MySQL:53 - java.sql.SQLException: Column Index out of range, 4 > 3. 
2019-11-13 15:12:04 INFO  MySQL:34 - MySQL Driver Registered
2019-11-13 15:12:04 INFO  MySQL:42 - Successfully connected to MySQL database
2019-11-13 15:13:31 INFO  MySQL:34 - MySQL Driver Registered
2019-11-13 15:13:31 INFO  MySQL:42 - Successfully connected to MySQL database
2019-11-14 09:50:10 INFO  MySQL:34 - MySQL Driver Registered
2019-11-14 09:50:10 INFO  MySQL:42 - Successfully connected to MySQL database
2019-11-14 09:50:16 INFO  MySQL:34 - MySQL Driver Registered
2019-11-14 09:50:16 INFO  MySQL:42 - Successfully connected to MySQL database
2019-11-14 11:23:52 INFO  MySQL:34 - MySQL Driver Registered
2019-11-14 11:23:53 INFO  MySQL:42 - Successfully connected to MySQL database
2019-11-14 11:24:11 INFO  MySQL:34 - MySQL Driver Registered
2019-11-14 11:24:12 INFO  MySQL:42 - Successfully connected to MySQL database
2019-11-14 11:24:12 ERROR MySQL:51 - java.sql.SQLException: Value '0000-00-00 00:00:00' can not be represented as java.sql.Date
2019-11-14 11:36:22 INFO  MySQL:34 - MySQL Driver Registered
2019-11-14 11:36:23 INFO  MySQL:42 - Successfully connected to MySQL database
2019-11-14 11:40:30 INFO  MySQL:34 - MySQL Driver Registered
2019-11-14 11:40:30 INFO  MySQL:42 - Successfully connected to MySQL database
2019-11-14 11:47:05 INFO  MySQL:34 - MySQL Driver Registered
2019-11-14 11:47:05 INFO  MySQL:42 - Successfully connected to MySQL database
2019-11-14 11:48:17 INFO  MySQL:34 - MySQL Driver Registered
2019-11-14 11:48:18 INFO  MySQL:42 - Successfully connected to MySQL database
2019-11-14 11:48:18 ERROR MySQL:51 - java.sql.SQLException: Column Index out of range, 4 > 3. 
2019-11-14 12:06:07 INFO  MySQL:34 - MySQL Driver Registered
2019-11-14 12:06:07 INFO  MySQL:42 - Successfully connected to MySQL database
2019-11-14 12:06:07 ERROR MySQL:51 - java.sql.SQLException: Column Index out of range, 4 > 3. 
2019-11-14 12:06:28 INFO  MySQL:34 - MySQL Driver Registered
2019-11-14 12:06:28 INFO  MySQL:42 - Successfully connected to MySQL database
2019-11-14 12:06:28 ERROR MySQL:51 - java.sql.SQLException: Column Index out of range, 4 > 3. 
2019-11-14 12:08:37 INFO  MySQL:34 - MySQL Driver Registered
2019-11-14 12:08:38 INFO  MySQL:42 - Successfully connected to MySQL database
2019-11-14 12:20:28 INFO  MySQL:34 - MySQL Driver Registered
2019-11-14 12:20:29 INFO  MySQL:42 - Successfully connected to MySQL database
2019-11-14 12:28:37 INFO  MySQL:34 - MySQL Driver Registered
2019-11-14 12:28:38 INFO  MySQL:42 - Successfully connected to MySQL database
2019-11-14 12:28:38 ERROR MySQL:51 - java.sql.SQLException: Column Index out of range, 4 > 3. 
2019-11-14 12:29:52 INFO  MySQL:34 - MySQL Driver Registered
2019-11-14 12:29:53 INFO  MySQL:42 - Successfully connected to MySQL database
2019-11-14 12:36:57 ERROR MySQL:51 - java.sql.SQLException: Column Index out of range, 4 > 3. 
2019-11-14 12:37:00 INFO  MySQL:34 - MySQL Driver Registered
2019-11-14 12:37:01 INFO  MySQL:42 - Successfully connected to MySQL database
2019-11-14 12:39:24 INFO  MySQL:34 - MySQL Driver Registered
2019-11-14 12:39:24 INFO  MySQL:42 - Successfully connected to MySQL database
2019-11-14 12:43:37 INFO  MySQL:34 - MySQL Driver Registered
2019-11-14 12:43:37 INFO  MySQL:42 - Successfully connected to MySQL database
2019-11-14 12:43:37 INFO  MySQL:34 - MySQL Driver Registered
2019-11-14 12:43:37 INFO  MySQL:42 - Successfully connected to MySQL database
2019-11-14 12:43:37 INFO  MySQL:34 - MySQL Driver Registered
2019-11-14 12:43:37 INFO  MySQL:42 - Successfully connected to MySQL database
2019-11-14 12:43:38 INFO  MySQL:34 - MySQL Driver Registered
2019-11-14 12:43:38 INFO  MySQL:42 - Successfully connected to MySQL database
2019-11-14 12:43:38 INFO  MySQL:34 - MySQL Driver Registered
2019-11-14 12:43:38 INFO  MySQL:42 - Successfully connected to MySQL database
2019-11-14 12:43:38 INFO  MySQL:34 - MySQL Driver Registered
2019-11-14 12:43:38 INFO  MySQL:42 - Successfully connected to MySQL database
2019-11-14 12:43:38 INFO  MySQL:34 - MySQL Driver Registered
2019-11-14 12:43:38 INFO  MySQL:42 - Successfully connected to MySQL database
2019-11-14 12:48:12 INFO  MySQL:34 - MySQL Driver Registered
2019-11-14 12:48:13 INFO  MySQL:42 - Successfully connected to MySQL database
2019-11-14 12:50:10 INFO  MySQL:34 - MySQL Driver Registered
2019-11-14 12:50:10 INFO  MySQL:42 - Successfully connected to MySQL database
2019-11-14 12:50:39 INFO  MySQL:34 - MySQL Driver Registered
2019-11-14 12:50:39 INFO  MySQL:42 - Successfully connected to MySQL database
2019-11-14 12:50:52 INFO  MySQL:34 - MySQL Driver Registered
2019-11-14 12:50:52 INFO  MySQL:42 - Successfully connected to MySQL database
2019-11-14 12:50:53 INFO  MySQL:34 - MySQL Driver Registered
2019-11-14 12:50:53 INFO  MySQL:42 - Successfully connected to MySQL database
2019-11-14 12:51:08 INFO  MySQL:34 - MySQL Driver Registered
2019-11-14 12:51:08 INFO  MySQL:42 - Successfully connected to MySQL database
2019-11-14 12:51:30 INFO  MySQL:34 - MySQL Driver Registered
2019-11-14 12:51:30 INFO  MySQL:42 - Successfully connected to MySQL database
2019-11-14 12:52:36 INFO  MySQL:34 - MySQL Driver Registered
2019-11-14 12:52:37 INFO  MySQL:42 - Successfully connected to MySQL database
2019-11-14 12:52:37 INFO  MySQL:34 - MySQL Driver Registered
2019-11-14 12:52:37 INFO  MySQL:42 - Successfully connected to MySQL database
2019-11-14 12:52:37 INFO  MySQL:34 - MySQL Driver Registered
2019-11-14 12:52:37 INFO  MySQL:42 - Successfully connected to MySQL database
2019-11-14 12:52:37 INFO  MySQL:34 - MySQL Driver Registered
2019-11-14 12:52:37 INFO  MySQL:42 - Successfully connected to MySQL database
2019-11-14 12:52:37 INFO  MySQL:34 - MySQL Driver Registered
2019-11-14 12:52:37 INFO  MySQL:42 - Successfully connected to MySQL database
2019-11-14 12:52:37 INFO  MySQL:34 - MySQL Driver Registered
2019-11-14 12:52:37 INFO  MySQL:42 - Successfully connected to MySQL database
2019-11-14 12:52:37 INFO  MySQL:34 - MySQL Driver Registered
2019-11-14 12:52:37 INFO  MySQL:42 - Successfully connected to MySQL database
2019-11-14 12:56:10 INFO  MySQL:34 - MySQL Driver Registered
2019-11-14 12:56:10 INFO  MySQL:42 - Successfully connected to MySQL database
2019-11-14 12:56:10 INFO  MySQL:34 - MySQL Driver Registered
2019-11-14 12:56:10 INFO  MySQL:42 - Successfully connected to MySQL database
2019-11-14 12:56:10 INFO  MySQL:34 - MySQL Driver Registered
2019-11-14 12:56:10 INFO  MySQL:42 - Successfully connected to MySQL database
2019-11-14 12:56:10 INFO  MySQL:34 - MySQL Driver Registered
2019-11-14 12:56:10 INFO  MySQL:42 - Successfully connected to MySQL database
2019-11-14 12:56:10 INFO  MySQL:34 - MySQL Driver Registered
2019-11-14 12:56:10 INFO  MySQL:42 - Successfully connected to MySQL database
2019-11-14 12:56:10 INFO  MySQL:34 - MySQL Driver Registered
2019-11-14 12:56:10 INFO  MySQL:42 - Successfully connected to MySQL database
2019-11-14 12:56:10 INFO  MySQL:34 - MySQL Driver Registered
2019-11-14 12:56:10 INFO  MySQL:42 - Successfully connected to MySQL database
2019-11-14 13:06:58 INFO  MySQL:34 - MySQL Driver Registered
2019-11-14 13:06:58 INFO  MySQL:42 - Successfully connected to MySQL database
2019-11-14 13:06:58 INFO  MySQL:34 - MySQL Driver Registered
2019-11-14 13:06:58 INFO  MySQL:42 - Successfully connected to MySQL database
2019-11-14 13:06:58 INFO  MySQL:34 - MySQL Driver Registered
2019-11-14 13:06:58 INFO  MySQL:42 - Successfully connected to MySQL database
2019-11-14 13:06:58 INFO  MySQL:34 - MySQL Driver Registered
2019-11-14 13:06:58 INFO  MySQL:42 - Successfully connected to MySQL database
2019-11-14 13:06:58 INFO  MySQL:34 - MySQL Driver Registered
2019-11-14 13:06:58 INFO  MySQL:42 - Successfully connected to MySQL database
2019-11-14 13:06:58 INFO  MySQL:34 - MySQL Driver Registered
2019-11-14 13:06:58 INFO  MySQL:42 - Successfully connected to MySQL database
2019-11-14 13:06:58 INFO  MySQL:34 - MySQL Driver Registered
2019-11-14 13:06:58 INFO  MySQL:42 - Successfully connected to MySQL database
2019-11-14 13:51:11 INFO  MySQL:34 - MySQL Driver Registered
2019-11-14 13:51:12 INFO  MySQL:42 - Successfully connected to MySQL database
2019-11-14 13:51:12 INFO  MySQL:34 - MySQL Driver Registered
2019-11-14 13:51:12 INFO  MySQL:42 - Successfully connected to MySQL database
2019-11-14 13:51:12 INFO  MySQL:34 - MySQL Driver Registered
2019-11-14 13:51:12 INFO  MySQL:42 - Successfully connected to MySQL database
2019-11-14 13:51:12 INFO  MySQL:34 - MySQL Driver Registered
2019-11-14 13:51:12 INFO  MySQL:42 - Successfully connected to MySQL database
2019-11-14 13:51:12 INFO  MySQL:34 - MySQL Driver Registered
2019-11-14 13:51:12 INFO  MySQL:42 - Successfully connected to MySQL database
2019-11-14 13:51:12 INFO  MySQL:34 - MySQL Driver Registered
2019-11-14 13:51:12 INFO  MySQL:42 - Successfully connected to MySQL database
2019-11-14 13:51:12 INFO  MySQL:34 - MySQL Driver Registered
2019-11-14 13:51:12 INFO  MySQL:42 - Successfully connected to MySQL database
2019-11-14 13:58:40 INFO  MySQL:34 - MySQL Driver Registered
2019-11-14 13:58:40 INFO  MySQL:42 - Successfully connected to MySQL database
2019-11-14 13:58:40 INFO  MySQL:34 - MySQL Driver Registered
2019-11-14 13:58:40 INFO  MySQL:42 - Successfully connected to MySQL database
2019-11-14 13:58:40 INFO  MySQL:34 - MySQL Driver Registered
2019-11-14 13:58:40 INFO  MySQL:42 - Successfully connected to MySQL database
2019-11-14 13:58:40 INFO  MySQL:34 - MySQL Driver Registered
2019-11-14 13:58:40 INFO  MySQL:42 - Successfully connected to MySQL database
2019-11-14 13:58:40 INFO  MySQL:34 - MySQL Driver Registered
2019-11-14 13:58:40 INFO  MySQL:42 - Successfully connected to MySQL database
2019-11-14 13:58:40 INFO  MySQL:34 - MySQL Driver Registered
2019-11-14 13:58:40 INFO  MySQL:42 - Successfully connected to MySQL database
2019-11-14 13:58:40 INFO  MySQL:34 - MySQL Driver Registered
2019-11-14 13:58:40 INFO  MySQL:42 - Successfully connected to MySQL database
2019-11-14 13:58:40 INFO  MySQL:34 - MySQL Driver Registered
2019-11-14 13:58:41 INFO  MySQL:42 - Successfully connected to MySQL database
2019-11-14 14:01:48 INFO  MySQL:34 - MySQL Driver Registered
2019-11-14 14:01:49 INFO  MySQL:42 - Successfully connected to MySQL database
2019-11-14 14:01:49 INFO  MySQL:34 - MySQL Driver Registered
2019-11-14 14:01:49 INFO  MySQL:42 - Successfully connected to MySQL database
2019-11-14 14:01:49 INFO  MySQL:34 - MySQL Driver Registered
2019-11-14 14:01:49 INFO  MySQL:42 - Successfully connected to MySQL database
2019-11-14 14:01:49 INFO  MySQL:34 - MySQL Driver Registered
2019-11-14 14:01:49 INFO  MySQL:42 - Successfully connected to MySQL database
2019-11-14 14:01:49 INFO  MySQL:34 - MySQL Driver Registered
2019-11-14 14:01:49 INFO  MySQL:42 - Successfully connected to MySQL database
2019-11-14 14:01:49 INFO  MySQL:34 - MySQL Driver Registered
2019-11-14 14:01:49 INFO  MySQL:42 - Successfully connected to MySQL database
2019-11-14 14:01:49 INFO  MySQL:34 - MySQL Driver Registered
2019-11-14 14:01:49 INFO  MySQL:42 - Successfully connected to MySQL database
2019-11-14 14:01:49 INFO  MySQL:34 - MySQL Driver Registered
2019-11-14 14:01:49 INFO  MySQL:42 - Successfully connected to MySQL database
2019-11-14 14:03:16 INFO  MySQL:34 - MySQL Driver Registered
2019-11-14 14:03:17 INFO  MySQL:42 - Successfully connected to MySQL database
2019-11-14 14:03:17 INFO  MySQL:34 - MySQL Driver Registered
2019-11-14 14:03:17 INFO  MySQL:42 - Successfully connected to MySQL database
2019-11-14 14:03:17 INFO  MySQL:34 - MySQL Driver Registered
2019-11-14 14:03:17 INFO  MySQL:42 - Successfully connected to MySQL database
2019-11-14 14:03:17 INFO  MySQL:34 - MySQL Driver Registered
2019-11-14 14:03:17 INFO  MySQL:42 - Successfully connected to MySQL database
2019-11-14 14:03:17 INFO  MySQL:34 - MySQL Driver Registered
2019-11-14 14:03:17 INFO  MySQL:42 - Successfully connected to MySQL database
2019-11-14 14:03:17 INFO  MySQL:34 - MySQL Driver Registered
2019-11-14 14:03:17 INFO  MySQL:42 - Successfully connected to MySQL database
2019-11-14 14:03:17 INFO  MySQL:34 - MySQL Driver Registered
2019-11-14 14:03:17 INFO  MySQL:42 - Successfully connected to MySQL database
2019-11-14 14:03:27 INFO  MySQL:34 - MySQL Driver Registered
2019-11-14 14:03:27 INFO  MySQL:42 - Successfully connected to MySQL database
2019-11-14 14:05:19 INFO  MySQL:34 - MySQL Driver Registered
2019-11-14 14:05:20 INFO  MySQL:42 - Successfully connected to MySQL database
2019-11-14 14:05:20 INFO  MySQL:34 - MySQL Driver Registered
2019-11-14 14:05:20 INFO  MySQL:42 - Successfully connected to MySQL database
2019-11-14 14:05:20 INFO  MySQL:34 - MySQL Driver Registered
2019-11-14 14:05:20 INFO  MySQL:42 - Successfully connected to MySQL database
2019-11-14 14:05:20 INFO  MySQL:34 - MySQL Driver Registered
2019-11-14 14:05:20 INFO  MySQL:42 - Successfully connected to MySQL database
2019-11-14 14:05:20 INFO  MySQL:34 - MySQL Driver Registered
2019-11-14 14:05:20 INFO  MySQL:42 - Successfully connected to MySQL database
2019-11-14 14:05:20 INFO  MySQL:34 - MySQL Driver Registered
2019-11-14 14:05:20 INFO  MySQL:42 - Successfully connected to MySQL database
2019-11-14 14:05:20 INFO  MySQL:34 - MySQL Driver Registered
2019-11-14 14:05:20 INFO  MySQL:42 - Successfully connected to MySQL database
2019-11-14 14:05:20 INFO  MySQL:34 - MySQL Driver Registered
2019-11-14 14:05:20 INFO  MySQL:42 - Successfully connected to MySQL database
2019-11-14 14:48:56 INFO  MySQL:34 - MySQL Driver Registered
2019-11-14 14:48:57 INFO  MySQL:42 - Successfully connected to MySQL database
2019-11-14 14:48:57 INFO  MySQL:34 - MySQL Driver Registered
2019-11-14 14:48:57 INFO  MySQL:42 - Successfully connected to MySQL database
2019-11-14 14:48:57 INFO  MySQL:34 - MySQL Driver Registered
2019-11-14 14:48:57 INFO  MySQL:42 - Successfully connected to MySQL database
2019-11-14 14:48:57 INFO  MySQL:34 - MySQL Driver Registered
2019-11-14 14:48:57 INFO  MySQL:42 - Successfully connected to MySQL database
2019-11-14 14:48:57 INFO  MySQL:34 - MySQL Driver Registered
2019-11-14 14:48:57 INFO  MySQL:42 - Successfully connected to MySQL database
2019-11-14 14:48:57 INFO  MySQL:34 - MySQL Driver Registered
2019-11-14 14:48:57 INFO  MySQL:42 - Successfully connected to MySQL database
2019-11-14 14:48:57 INFO  MySQL:34 - MySQL Driver Registered
2019-11-14 14:48:57 INFO  MySQL:42 - Successfully connected to MySQL database
2019-11-14 14:48:57 INFO  MySQL:34 - MySQL Driver Registered
2019-11-14 14:48:57 INFO  MySQL:42 - Successfully connected to MySQL database
2019-11-14 14:48:57 INFO  MySQL:34 - MySQL Driver Registered
2019-11-14 14:48:57 INFO  MySQL:42 - Successfully connected to MySQL database
2019-11-14 15:26:37 INFO  MySQL:34 - MySQL Driver Registered
2019-11-14 15:26:38 INFO  MySQL:42 - Successfully connected to MySQL database
2019-11-14 15:26:38 INFO  MySQL:34 - MySQL Driver Registered
2019-11-14 15:26:38 INFO  MySQL:42 - Successfully connected to MySQL database
2019-11-14 15:26:38 INFO  MySQL:34 - MySQL Driver Registered
2019-11-14 15:26:38 INFO  MySQL:42 - Successfully connected to MySQL database
2019-11-14 15:26:38 INFO  MySQL:34 - MySQL Driver Registered
2019-11-14 15:26:38 INFO  MySQL:42 - Successfully connected to MySQL database
2019-11-14 15:26:38 INFO  MySQL:34 - MySQL Driver Registered
2019-11-14 15:26:38 INFO  MySQL:42 - Successfully connected to MySQL database
2019-11-14 15:26:38 INFO  MySQL:34 - MySQL Driver Registered
2019-11-14 15:26:38 INFO  MySQL:42 - Successfully connected to MySQL database
2019-11-14 15:26:38 INFO  MySQL:34 - MySQL Driver Registered
2019-11-14 15:26:38 INFO  MySQL:42 - Successfully connected to MySQL database
2019-11-14 15:26:38 INFO  MySQL:34 - MySQL Driver Registered
2019-11-14 15:26:38 INFO  MySQL:42 - Successfully connected to MySQL database
2019-11-14 15:26:38 INFO  MySQL:34 - MySQL Driver Registered
2019-11-14 15:26:38 INFO  MySQL:42 - Successfully connected to MySQL database
2019-11-14 15:26:38 INFO  MySQL:34 - MySQL Driver Registered
2019-11-14 15:26:38 INFO  MySQL:42 - Successfully connected to MySQL database
2019-11-14 15:28:18 INFO  MySQL:34 - MySQL Driver Registered
2019-11-14 15:28:18 INFO  MySQL:42 - Successfully connected to MySQL database
2019-11-14 15:28:19 INFO  MySQL:34 - MySQL Driver Registered
2019-11-14 15:28:19 INFO  MySQL:42 - Successfully connected to MySQL database
2019-11-14 15:28:19 INFO  MySQL:34 - MySQL Driver Registered
2019-11-14 15:28:19 INFO  MySQL:42 - Successfully connected to MySQL database
2019-11-14 15:28:19 INFO  MySQL:34 - MySQL Driver Registered
2019-11-14 15:28:19 INFO  MySQL:42 - Successfully connected to MySQL database
2019-11-14 15:28:19 INFO  MySQL:34 - MySQL Driver Registered
2019-11-14 15:28:19 INFO  MySQL:42 - Successfully connected to MySQL database
2019-11-14 15:28:19 INFO  MySQL:34 - MySQL Driver Registered
2019-11-14 15:28:19 INFO  MySQL:42 - Successfully connected to MySQL database
2019-11-14 15:28:19 INFO  MySQL:34 - MySQL Driver Registered
2019-11-14 15:28:19 INFO  MySQL:42 - Successfully connected to MySQL database
2019-11-14 15:28:19 INFO  MySQL:34 - MySQL Driver Registered
2019-11-14 15:28:19 INFO  MySQL:42 - Successfully connected to MySQL database
2019-11-14 15:28:19 INFO  MySQL:34 - MySQL Driver Registered
2019-11-14 15:28:19 INFO  MySQL:42 - Successfully connected to MySQL database
2019-11-14 15:28:19 INFO  MySQL:34 - MySQL Driver Registered
2019-11-14 15:28:19 INFO  MySQL:42 - Successfully connected to MySQL database
2019-11-14 15:38:55 INFO  MySQL:34 - MySQL Driver Registered
2019-11-14 15:38:55 INFO  MySQL:42 - Successfully connected to MySQL database
2019-11-14 15:38:56 INFO  MySQL:34 - MySQL Driver Registered
2019-11-14 15:38:56 INFO  MySQL:42 - Successfully connected to MySQL database
2019-11-14 15:38:56 INFO  MySQL:34 - MySQL Driver Registered
2019-11-14 15:38:56 INFO  MySQL:42 - Successfully connected to MySQL database
2019-11-14 15:38:56 INFO  MySQL:34 - MySQL Driver Registered
2019-11-14 15:38:56 INFO  MySQL:42 - Successfully connected to MySQL database
2019-11-14 15:38:56 INFO  MySQL:34 - MySQL Driver Registered
2019-11-14 15:38:56 INFO  MySQL:42 - Successfully connected to MySQL database
2019-11-14 15:38:56 INFO  MySQL:34 - MySQL Driver Registered
2019-11-14 15:38:56 INFO  MySQL:42 - Successfully connected to MySQL database
2019-11-14 15:38:56 INFO  MySQL:34 - MySQL Driver Registered
2019-11-14 15:38:56 INFO  MySQL:42 - Successfully connected to MySQL database
2019-11-14 15:38:56 INFO  MySQL:34 - MySQL Driver Registered
2019-11-14 15:38:56 INFO  MySQL:42 - Successfully connected to MySQL database
2019-11-14 15:38:56 INFO  MySQL:34 - MySQL Driver Registered
2019-11-14 15:38:56 INFO  MySQL:42 - Successfully connected to MySQL database
2019-11-14 15:38:56 INFO  MySQL:34 - MySQL Driver Registered
2019-11-14 15:38:56 INFO  MySQL:42 - Successfully connected to MySQL database
2019-11-15 08:40:47 INFO  MySQL:34 - MySQL Driver Registered
2019-11-15 08:40:48 INFO  MySQL:42 - Successfully connected to MySQL database
2019-11-15 08:40:48 INFO  MySQL:34 - MySQL Driver Registered
2019-11-15 08:40:48 INFO  MySQL:42 - Successfully connected to MySQL database
2019-11-15 08:40:48 INFO  MySQL:34 - MySQL Driver Registered
2019-11-15 08:40:48 INFO  MySQL:42 - Successfully connected to MySQL database
2019-11-15 08:40:48 INFO  MySQL:34 - MySQL Driver Registered
2019-11-15 08:40:48 INFO  MySQL:42 - Successfully connected to MySQL database
2019-11-15 08:40:48 INFO  MySQL:34 - MySQL Driver Registered
2019-11-15 08:40:48 INFO  MySQL:42 - Successfully connected to MySQL database
2019-11-15 08:40:48 INFO  MySQL:34 - MySQL Driver Registered
2019-11-15 08:40:48 INFO  MySQL:42 - Successfully connected to MySQL database
2019-11-15 08:40:48 INFO  MySQL:34 - MySQL Driver Registered
2019-11-15 08:40:48 INFO  MySQL:42 - Successfully connected to MySQL database
2019-11-15 08:40:48 INFO  MySQL:34 - MySQL Driver Registered
2019-11-15 08:40:48 INFO  MySQL:42 - Successfully connected to MySQL database
2019-11-15 08:40:48 INFO  MySQL:34 - MySQL Driver Registered
2019-11-15 08:40:48 INFO  MySQL:42 - Successfully connected to MySQL database
2019-11-15 08:40:48 INFO  MySQL:34 - MySQL Driver Registered
2019-11-15 08:40:48 INFO  MySQL:42 - Successfully connected to MySQL database
2019-11-15 08:40:48 INFO  MySQL:34 - MySQL Driver Registered
2019-11-15 08:40:48 INFO  MySQL:42 - Successfully connected to MySQL database
2019-11-15 08:41:05 INFO  MySQL:34 - MySQL Driver Registered
2019-11-15 08:41:06 INFO  MySQL:42 - Successfully connected to MySQL database
2019-11-15 08:41:06 INFO  MySQL:34 - MySQL Driver Registered
2019-11-15 08:41:06 INFO  MySQL:42 - Successfully connected to MySQL database
2019-11-15 08:41:06 INFO  MySQL:34 - MySQL Driver Registered
2019-11-15 08:41:06 INFO  MySQL:42 - Successfully connected to MySQL database
2019-11-15 08:41:06 INFO  MySQL:34 - MySQL Driver Registered
2019-11-15 08:41:06 INFO  MySQL:42 - Successfully connected to MySQL database
2019-11-15 08:41:06 INFO  MySQL:34 - MySQL Driver Registered
2019-11-15 08:41:06 INFO  MySQL:42 - Successfully connected to MySQL database
2019-11-15 08:41:06 INFO  MySQL:34 - MySQL Driver Registered
2019-11-15 08:41:06 INFO  MySQL:42 - Successfully connected to MySQL database
2019-11-15 08:41:06 INFO  MySQL:34 - MySQL Driver Registered
2019-11-15 08:41:06 INFO  MySQL:42 - Successfully connected to MySQL database
2019-11-15 08:41:07 INFO  MySQL:34 - MySQL Driver Registered
2019-11-15 08:41:07 INFO  MySQL:42 - Successfully connected to MySQL database
2019-11-15 08:41:07 INFO  MySQL:34 - MySQL Driver Registered
2019-11-15 08:41:07 INFO  MySQL:42 - Successfully connected to MySQL database
2019-11-15 08:41:07 INFO  MySQL:34 - MySQL Driver Registered
2019-11-15 08:41:07 INFO  MySQL:42 - Successfully connected to MySQL database
2019-11-15 08:41:07 INFO  MySQL:34 - MySQL Driver Registered
2019-11-15 08:41:07 INFO  MySQL:42 - Successfully connected to MySQL database
2019-11-15 09:04:06 INFO  MySQL:34 - MySQL Driver Registered
2019-11-15 09:04:06 INFO  MySQL:42 - Successfully connected to MySQL database
2019-11-15 09:04:06 INFO  MySQL:34 - MySQL Driver Registered
2019-11-15 09:04:06 INFO  MySQL:42 - Successfully connected to MySQL database
2019-11-15 09:04:06 INFO  MySQL:34 - MySQL Driver Registered
2019-11-15 09:04:06 INFO  MySQL:42 - Successfully connected to MySQL database
2019-11-15 09:04:06 INFO  MySQL:34 - MySQL Driver Registered
2019-11-15 09:04:06 INFO  MySQL:42 - Successfully connected to MySQL database
2019-11-15 09:04:06 INFO  MySQL:34 - MySQL Driver Registered
2019-11-15 09:04:06 INFO  MySQL:42 - Successfully connected to MySQL database
2019-11-15 09:04:06 INFO  MySQL:34 - MySQL Driver Registered
2019-11-15 09:04:06 INFO  MySQL:42 - Successfully connected to MySQL database
2019-11-15 09:04:06 INFO  MySQL:34 - MySQL Driver Registered
2019-11-15 09:04:06 INFO  MySQL:42 - Successfully connected to MySQL database
2019-11-15 09:04:06 INFO  MySQL:34 - MySQL Driver Registered
2019-11-15 09:04:06 INFO  MySQL:42 - Successfully connected to MySQL database
2019-11-15 09:04:06 INFO  MySQL:34 - MySQL Driver Registered
2019-11-15 09:04:06 INFO  MySQL:42 - Successfully connected to MySQL database
2019-11-15 09:04:06 INFO  MySQL:34 - MySQL Driver Registered
2019-11-15 09:04:06 INFO  MySQL:42 - Successfully connected to MySQL database
2019-11-15 09:04:07 INFO  MySQL:34 - MySQL Driver Registered
2019-11-15 09:04:07 INFO  MySQL:42 - Successfully connected to MySQL database
2019-11-15 09:04:07 INFO  MySQL:34 - MySQL Driver Registered
2019-11-15 09:04:07 INFO  MySQL:42 - Successfully connected to MySQL database
2019-11-15 09:10:06 INFO  MySQL:34 - MySQL Driver Registered
2019-11-15 09:10:07 INFO  MySQL:42 - Successfully connected to MySQL database
2019-11-15 09:10:07 INFO  MySQL:34 - MySQL Driver Registered
2019-11-15 09:10:07 INFO  MySQL:42 - Successfully connected to MySQL database
2019-11-15 09:10:07 INFO  MySQL:34 - MySQL Driver Registered
2019-11-15 09:10:07 INFO  MySQL:42 - Successfully connected to MySQL database
2019-11-15 09:10:07 INFO  MySQL:34 - MySQL Driver Registered
2019-11-15 09:10:07 INFO  MySQL:42 - Successfully connected to MySQL database
2019-11-15 09:10:07 INFO  MySQL:34 - MySQL Driver Registered
2019-11-15 09:10:07 INFO  MySQL:42 - Successfully connected to MySQL database
2019-11-15 09:10:07 INFO  MySQL:34 - MySQL Driver Registered
2019-11-15 09:10:07 INFO  MySQL:42 - Successfully connected to MySQL database
2019-11-15 09:10:07 INFO  MySQL:34 - MySQL Driver Registered
2019-11-15 09:10:07 INFO  MySQL:42 - Successfully connected to MySQL database
2019-11-15 09:10:12 INFO  MySQL:34 - MySQL Driver Registered
2019-11-15 09:10:12 INFO  MySQL:42 - Successfully connected to MySQL database
2019-11-15 09:11:34 INFO  MySQL:34 - MySQL Driver Registered
2019-11-15 09:11:34 INFO  MySQL:42 - Successfully connected to MySQL database
2019-11-15 09:11:36 INFO  MySQL:34 - MySQL Driver Registered
2019-11-15 09:11:37 INFO  MySQL:42 - Successfully connected to MySQL database
2019-11-15 09:11:37 INFO  MySQL:34 - MySQL Driver Registered
2019-11-15 09:11:37 INFO  MySQL:42 - Successfully connected to MySQL database
2019-11-15 09:11:37 INFO  MySQL:34 - MySQL Driver Registered
2019-11-15 09:11:37 INFO  MySQL:42 - Successfully connected to MySQL database
2019-11-15 09:11:37 INFO  MySQL:34 - MySQL Driver Registered
2019-11-15 09:11:37 INFO  MySQL:42 - Successfully connected to MySQL database
2019-11-15 09:11:37 INFO  MySQL:34 - MySQL Driver Registered
2019-11-15 09:11:37 INFO  MySQL:42 - Successfully connected to MySQL database
2019-11-15 09:11:37 INFO  MySQL:34 - MySQL Driver Registered
2019-11-15 09:11:37 INFO  MySQL:42 - Successfully connected to MySQL database
2019-11-15 09:11:37 INFO  MySQL:34 - MySQL Driver Registered
2019-11-15 09:11:37 INFO  MySQL:42 - Successfully connected to MySQL database
2019-11-15 09:11:38 INFO  MySQL:34 - MySQL Driver Registered
2019-11-15 09:11:38 INFO  MySQL:42 - Successfully connected to MySQL database
2019-11-15 09:11:38 INFO  MySQL:34 - MySQL Driver Registered
2019-11-15 09:11:38 INFO  MySQL:42 - Successfully connected to MySQL database
2019-11-15 09:11:38 INFO  MySQL:34 - MySQL Driver Registered
2019-11-15 09:11:38 INFO  MySQL:42 - Successfully connected to MySQL database
2019-11-15 09:11:38 INFO  MySQL:34 - MySQL Driver Registered
2019-11-15 09:11:38 INFO  MySQL:42 - Successfully connected to MySQL database
2019-11-15 09:11:38 INFO  MySQL:34 - MySQL Driver Registered
2019-11-15 09:11:38 INFO  MySQL:42 - Successfully connected to MySQL database
2019-11-15 09:12:09 INFO  MySQL:34 - MySQL Driver Registered
2019-11-15 09:12:10 INFO  MySQL:42 - Successfully connected to MySQL database
2019-11-15 09:12:10 INFO  MySQL:34 - MySQL Driver Registered
2019-11-15 09:12:10 INFO  MySQL:42 - Successfully connected to MySQL database
2019-11-15 09:12:10 INFO  MySQL:34 - MySQL Driver Registered
2019-11-15 09:12:10 INFO  MySQL:42 - Successfully connected to MySQL database
2019-11-15 09:12:10 INFO  MySQL:34 - MySQL Driver Registered
2019-11-15 09:12:10 INFO  MySQL:42 - Successfully connected to MySQL database
2019-11-15 09:12:10 INFO  MySQL:34 - MySQL Driver Registered
2019-11-15 09:12:10 INFO  MySQL:42 - Successfully connected to MySQL database
2019-11-15 09:12:10 INFO  MySQL:34 - MySQL Driver Registered
2019-11-15 09:12:10 INFO  MySQL:42 - Successfully connected to MySQL database
2019-11-15 09:12:10 INFO  MySQL:34 - MySQL Driver Registered
2019-11-15 09:12:10 INFO  MySQL:42 - Successfully connected to MySQL database
2019-11-15 09:12:10 INFO  MySQL:34 - MySQL Driver Registered
2019-11-15 09:12:10 INFO  MySQL:42 - Successfully connected to MySQL database
2019-11-15 09:12:10 INFO  MySQL:34 - MySQL Driver Registered
2019-11-15 09:12:10 INFO  MySQL:42 - Successfully connected to MySQL database
2019-11-15 09:12:10 INFO  MySQL:34 - MySQL Driver Registered
2019-11-15 09:12:10 INFO  MySQL:42 - Successfully connected to MySQL database
2019-11-15 09:12:10 INFO  MySQL:34 - MySQL Driver Registered
2019-11-15 09:12:10 INFO  MySQL:42 - Successfully connected to MySQL database
2019-11-15 09:12:10 INFO  MySQL:34 - MySQL Driver Registered
2019-11-15 09:12:10 INFO  MySQL:42 - Successfully connected to MySQL database
2019-11-15 14:52:13 INFO  MySQL:34 - MySQL Driver Registered
2019-11-15 14:52:14 INFO  MySQL:42 - Successfully connected to MySQL database
2019-11-15 14:52:14 INFO  MySQL:34 - MySQL Driver Registered
2019-11-15 14:52:14 INFO  MySQL:42 - Successfully connected to MySQL database
2019-11-15 14:52:14 INFO  MySQL:34 - MySQL Driver Registered
2019-11-15 14:52:14 INFO  MySQL:42 - Successfully connected to MySQL database
2019-11-15 14:52:14 INFO  MySQL:34 - MySQL Driver Registered
2019-11-15 14:52:14 INFO  MySQL:42 - Successfully connected to MySQL database
2019-11-15 14:52:14 INFO  MySQL:34 - MySQL Driver Registered
2019-11-15 14:52:14 INFO  MySQL:42 - Successfully connected to MySQL database
2019-11-15 14:52:14 INFO  MySQL:34 - MySQL Driver Registered
2019-11-15 14:52:14 INFO  MySQL:42 - Successfully connected to MySQL database
2019-11-15 14:52:14 INFO  MySQL:34 - MySQL Driver Registered
2019-11-15 14:52:14 INFO  MySQL:42 - Successfully connected to MySQL database
2019-11-15 14:52:14 INFO  MySQL:34 - MySQL Driver Registered
2019-11-15 14:52:14 INFO  MySQL:42 - Successfully connected to MySQL database
2019-11-15 14:52:14 INFO  MySQL:34 - MySQL Driver Registered
2019-11-15 14:52:14 INFO  MySQL:42 - Successfully connected to MySQL database
2019-11-15 14:52:14 INFO  MySQL:34 - MySQL Driver Registered
2019-11-15 14:52:14 INFO  MySQL:42 - Successfully connected to MySQL database
2019-11-15 14:52:14 INFO  MySQL:34 - MySQL Driver Registered
2019-11-15 14:52:14 INFO  MySQL:42 - Successfully connected to MySQL database
2019-11-15 14:52:14 INFO  MySQL:34 - MySQL Driver Registered
2019-11-15 14:52:14 INFO  MySQL:42 - Successfully connected to MySQL database
2019-11-15 14:52:38 INFO  MySQL:34 - MySQL Driver Registered
2019-11-15 14:52:38 INFO  MySQL:42 - Successfully connected to MySQL database
2019-11-15 14:52:38 INFO  Main:38 - New Person Record Inserted. ID = 10
2019-11-15 15:19:19 INFO  MySQL:34 - MySQL Driver Registered
2019-11-15 15:19:20 INFO  MySQL:42 - Successfully connected to MySQL database
2019-11-15 15:19:20 INFO  MySQL:34 - MySQL Driver Registered
2019-11-15 15:19:20 INFO  MySQL:42 - Successfully connected to MySQL database
2019-11-15 15:31:52 INFO  MySQL:34 - MySQL Driver Registered
2019-11-15 15:31:53 INFO  MySQL:42 - Successfully connected to MySQL database
2019-11-15 15:31:53 INFO  MySQL:34 - MySQL Driver Registered
2019-11-15 15:31:53 INFO  MySQL:42 - Successfully connected to MySQL database
2019-11-15 15:42:26 INFO  MySQL:34 - MySQL Driver Registered
2019-11-15 15:42:28 INFO  MySQL:42 - Successfully connected to MySQL database
2019-11-15 15:42:28 INFO  MySQL:34 - MySQL Driver Registered
2019-11-15 15:42:28 INFO  MySQL:42 - Successfully connected to MySQL database
2019-11-15 15:48:08 INFO  MySQL:34 - MySQL Driver Registered
2019-11-15 15:48:09 INFO  MySQL:42 - Successfully connected to MySQL database
2019-11-15 15:48:09 ERROR MySQL:31 - java.sql.SQLException: Column Index out of range, 4 > 3. 
2019-11-15 15:54:14 INFO  MySQL:34 - MySQL Driver Registered
2019-11-15 15:54:16 INFO  MySQL:42 - Successfully connected to MySQL database
2019-11-15 15:54:16 ERROR MySQL:31 - java.sql.SQLException: Column Index out of range, 4 > 3. 
2019-11-15 15:54:35 INFO  MySQL:34 - MySQL Driver Registered
2019-11-15 15:54:37 INFO  MySQL:42 - Successfully connected to MySQL database
2019-11-15 15:54:37 ERROR MySQL:31 - java.sql.SQLException: Column Index out of range, 4 > 3. 
2019-11-18 08:23:25 INFO  MySQL:34 - MySQL Driver Registered
2019-11-18 08:23:25 INFO  MySQL:42 - Successfully connected to MySQL database
2019-11-18 08:23:25 ERROR MySQL:31 - java.sql.SQLException: Column Index out of range, 4 > 3. 
2019-11-18 08:32:58 INFO  MySQL:34 - MySQL Driver Registered
2019-11-18 08:32:59 INFO  MySQL:42 - Successfully connected to MySQL database
2019-11-18 08:33:00 ERROR MySQL:31 - java.sql.SQLException: Column Index out of range, 4 > 3. 
2019-11-18 08:34:05 INFO  MySQL:34 - MySQL Driver Registered
2019-11-18 08:34:07 INFO  MySQL:42 - Successfully connected to MySQL database
2019-11-18 08:34:08 ERROR MySQL:31 - java.sql.SQLException: Column Index out of range, 4 > 3. 
2019-11-18 08:51:44 INFO  MySQL:34 - MySQL Driver Registered
2019-11-18 08:51:45 INFO  MySQL:42 - Successfully connected to MySQL database
2019-11-18 08:51:45 ERROR MySQL:31 - java.sql.SQLException: Column Index out of range, 4 > 3. 
2019-11-18 08:53:15 INFO  MySQL:34 - MySQL Driver Registered
2019-11-18 08:53:16 INFO  MySQL:42 - Successfully connected to MySQL database
2019-11-18 08:53:16 ERROR MySQL:31 - java.sql.SQLException: Column Index out of range, 4 > 3. 
2019-11-18 09:06:19 INFO  MySQL:34 - MySQL Driver Registered
2019-11-18 09:06:21 INFO  MySQL:42 - Successfully connected to MySQL database
2019-11-18 09:06:21 ERROR MySQL:31 - java.sql.SQLException: Column Index out of range, 4 > 3. 
2019-11-18 09:09:48 INFO  MySQL:34 - MySQL Driver Registered
2019-11-18 09:09:50 INFO  MySQL:42 - Successfully connected to MySQL database
2019-11-18 09:12:59 ERROR MySQL:31 - java.sql.SQLException: Column Index out of range, 4 > 3. 
2019-11-18 09:13:02 INFO  MySQL:34 - MySQL Driver Registered
2019-11-18 09:13:03 INFO  MySQL:42 - Successfully connected to MySQL database
2019-11-18 09:13:03 ERROR MySQL:31 - java.sql.SQLException: Column Index out of range, 4 > 3. 
2019-11-18 09:36:13 INFO  MySQL:34 - MySQL Driver Registered
2019-11-18 09:36:13 INFO  MySQL:42 - Successfully connected to MySQL database
2019-11-18 09:36:13 ERROR MySQL:31 - java.sql.SQLException: Column Index out of range, 4 > 3. 
2019-11-18 09:47:43 INFO  MySQL:34 - MySQL Driver Registered
2019-11-18 09:47:43 INFO  MySQL:42 - Successfully connected to MySQL database
2019-11-18 09:47:43 INFO  MySQL:34 - MySQL Driver Registered
2019-11-18 09:47:43 INFO  MySQL:42 - Successfully connected to MySQL database
2019-11-18 09:47:43 ERROR MySQL:109 - java.sql.SQLException: Illegal mix of collations (latin1_swedish_ci,IMPLICIT) and (big5_chinese_ci,IMPLICIT) for operation 'ifnull'
2019-11-18 09:47:43 INFO  Main:37 - Person Update Failed
2019-11-18 09:59:17 INFO  MySQL:34 - MySQL Driver Registered
2019-11-18 09:59:17 INFO  MySQL:42 - Successfully connected to MySQL database
2019-11-18 09:59:18 INFO  MySQL:34 - MySQL Driver Registered
2019-11-18 09:59:18 INFO  MySQL:42 - Successfully connected to MySQL database
2019-11-18 09:59:18 ERROR MySQL:109 - java.sql.SQLException: Illegal mix of collations (latin1_swedish_ci,IMPLICIT) and (big5_chinese_ci,IMPLICIT) for operation 'ifnull'
2019-11-18 09:59:18 INFO  Main:37 - Person Update Failed
2019-11-18 10:06:14 INFO  MySQL:34 - MySQL Driver Registered
2019-11-18 10:06:14 INFO  MySQL:42 - Successfully connected to MySQL database
2019-11-18 10:06:14 INFO  MySQL:34 - MySQL Driver Registered
2019-11-18 10:06:14 INFO  MySQL:42 - Successfully connected to MySQL database
2019-11-18 10:06:14 INFO  Main:34 - Person Updated Successfully
2019-11-18 10:24:09 INFO  MySQL:34 - MySQL Driver Registered
2019-11-18 10:24:09 INFO  MySQL:42 - Successfully connected to MySQL database
2019-11-18 11:57:35 INFO  MySQL:34 - MySQL Driver Registered
2019-11-18 11:57:36 INFO  MySQL:42 - Successfully connected to MySQL database
2019-11-18 11:57:36 ERROR MySQL:59 - com.mysql.jdbc.exceptions.jdbc4.MySQLSyntaxErrorException: You have an error in your SQL syntax; check the manual that corresponds to your MySQL server version for the right syntax to use near '{10,0,'throwaway765@gmail.com',2,null()' at line 1
2019-11-18 11:57:36 INFO  Main:38 - New email record inserted. ID = 0
2019-11-18 12:41:26 INFO  MySQL:34 - MySQL Driver Registered
2019-11-18 12:41:26 INFO  MySQL:42 - Successfully connected to MySQL database
2019-11-18 12:41:27 ERROR MySQL:59 - com.mysql.jdbc.exceptions.jdbc4.MySQLSyntaxErrorException: You have an error in your SQL syntax; check the manual that corresponds to your MySQL server version for the right syntax to use near '{10,0,'throwaway765@gmail.com',2,2()' at line 1
2019-11-18 12:41:27 INFO  Main:38 - New email record inserted. ID = 0
2019-11-18 12:44:28 INFO  MySQL:34 - MySQL Driver Registered
2019-11-18 12:44:28 INFO  MySQL:42 - Successfully connected to MySQL database
2019-11-18 12:44:28 ERROR MySQL:59 - com.mysql.jdbc.exceptions.jdbc4.MySQLSyntaxErrorException: You have an error in your SQL syntax; check the manual that corresponds to your MySQL server version for the right syntax to use near '{10,0,'throwaway765@gmail.com',2,2()' at line 1
2019-11-18 12:44:28 INFO  Main:38 - New email record inserted. ID = 0
2019-11-18 12:46:32 INFO  MySQL:34 - MySQL Driver Registered
2019-11-18 12:46:33 INFO  MySQL:42 - Successfully connected to MySQL database
2019-11-18 12:46:33 ERROR MySQL:59 - com.mysql.jdbc.exceptions.jdbc4.MySQLSyntaxErrorException: You have an error in your SQL syntax; check the manual that corresponds to your MySQL server version for the right syntax to use near '{10,0,'throwaway765@gmail.com',2,6()' at line 1
2019-11-18 12:46:33 INFO  Main:38 - New email record inserted. ID = 0
2019-11-18 12:47:24 INFO  MySQL:34 - MySQL Driver Registered
2019-11-18 12:47:24 INFO  MySQL:42 - Successfully connected to MySQL database
2019-11-18 12:47:25 ERROR MySQL:59 - com.mysql.jdbc.exceptions.jdbc4.MySQLSyntaxErrorException: You have an error in your SQL syntax; check the manual that corresponds to your MySQL server version for the right syntax to use near '{10,0,'throwaway765@gmail.com',2,10()' at line 1
2019-11-18 12:47:25 INFO  Main:38 - New email record inserted. ID = 0
2019-11-18 12:53:34 INFO  MySQL:34 - MySQL Driver Registered
2019-11-18 12:53:34 INFO  MySQL:42 - Successfully connected to MySQL database
2019-11-18 12:53:34 ERROR MySQL:59 - java.sql.SQLException: No value specified for parameter 5
2019-11-18 12:53:34 INFO  Main:38 - New email record inserted. ID = 0
2019-11-18 12:56:40 INFO  MySQL:34 - MySQL Driver Registered
2019-11-18 12:56:41 INFO  MySQL:42 - Successfully connected to MySQL database
2019-11-18 12:56:41 ERROR MySQL:59 - com.mysql.jdbc.exceptions.jdbc4.MySQLSyntaxErrorException: You have an error in your SQL syntax; check the manual that corresponds to your MySQL server version for the right syntax to use near '{10,0,'throwaway765@gmail.com',2,2()' at line 1
2019-11-18 12:56:41 INFO  Main:38 - New email record inserted. ID = 0
2019-11-18 13:07:56 INFO  MySQL:34 - MySQL Driver Registered
2019-11-18 13:07:56 INFO  MySQL:42 - Successfully connected to MySQL database
2019-11-18 13:07:56 ERROR MySQL:59 - com.mysql.jdbc.exceptions.jdbc4.MySQLSyntaxErrorException: You have an error in your SQL syntax; check the manual that corresponds to your MySQL server version for the right syntax to use near '{10,0,'throwaway765@gmail.com',2,1()' at line 1
2019-11-18 13:07:56 INFO  Main:38 - New email record inserted. ID = 0
2019-11-18 13:12:52 INFO  MySQL:34 - MySQL Driver Registered
2019-11-18 13:12:53 INFO  MySQL:42 - Successfully connected to MySQL database
2019-11-18 13:12:53 ERROR MySQL:59 - com.mysql.jdbc.exceptions.jdbc4.MySQLSyntaxErrorException: You have an error in your SQL syntax; check the manual that corresponds to your MySQL server version for the right syntax to use near '{10,0,'throwaway765@gmail.com',2,1()' at line 1
2019-11-18 13:12:53 INFO  Main:38 - New email record inserted. ID = 0
2019-11-18 13:14:25 INFO  MySQL:34 - MySQL Driver Registered
2019-11-18 13:14:25 INFO  MySQL:42 - Successfully connected to MySQL database
2019-11-18 13:14:25 INFO  Main:38 - New email record inserted. ID = 10
2019-11-18 14:00:20 INFO  MySQL:34 - MySQL Driver Registered
2019-11-18 14:00:21 INFO  MySQL:42 - Successfully connected to MySQL database
2019-11-18 14:00:21 INFO  Main:37 - New email record inserted. ID = 11
2019-11-18 14:00:21 INFO  MySQL:34 - MySQL Driver Registered
2019-11-18 14:00:21 INFO  MySQL:42 - Successfully connected to MySQL database
2019-11-18 14:05:05 INFO  MySQL:34 - MySQL Driver Registered
2019-11-18 14:05:06 INFO  MySQL:42 - Successfully connected to MySQL database
2019-11-18 14:06:39 INFO  MySQL:34 - MySQL Driver Registered
2019-11-18 14:06:40 INFO  MySQL:42 - Successfully connected to MySQL database
2019-11-18 14:06:40 INFO  MySQL:34 - MySQL Driver Registered
2019-11-18 14:06:40 INFO  MySQL:42 - Successfully connected to MySQL database
2019-11-18 14:06:40 ERROR MySQL:100 - com.mysql.jdbc.exceptions.jdbc4.MySQLSyntaxErrorException: Unknown column 'vEmailId' in 'where clause'
2019-11-18 14:06:40 INFO  Main:46 - email not updated try again
2019-11-18 14:16:42 INFO  MySQL:34 - MySQL Driver Registered
2019-11-18 14:16:42 INFO  MySQL:42 - Successfully connected to MySQL database
2019-11-18 14:16:42 INFO  MySQL:34 - MySQL Driver Registered
2019-11-18 14:16:42 INFO  MySQL:42 - Successfully connected to MySQL database
2019-11-18 14:16:42 ERROR MySQL:100 - com.mysql.jdbc.exceptions.jdbc4.MySQLIntegrityConstraintViolationException: Cannot add or update a child row: a foreign key constraint fails (`db2`.`Email`, CONSTRAINT `Email_ibfk_1` FOREIGN KEY (`EmployeeId`) REFERENCES `Employee` (`EmployeeId`))
2019-11-18 14:16:42 INFO  Main:46 - email not updated try again
2019-11-18 15:02:30 INFO  MySQL:34 - MySQL Driver Registered
2019-11-18 15:02:31 INFO  MySQL:42 - Successfully connected to MySQL database
2019-11-18 15:02:31 INFO  MySQL:34 - MySQL Driver Registered
2019-11-18 15:02:31 INFO  MySQL:42 - Successfully connected to MySQL database
2019-11-18 15:02:31 INFO  Main:46 - EMAIL UPDATED
2019-11-18 15:03:50 INFO  MySQL:34 - MySQL Driver Registered
2019-11-18 15:03:51 INFO  MySQL:42 - Successfully connected to MySQL database
2019-11-18 15:03:51 INFO  MySQL:34 - MySQL Driver Registered
2019-11-18 15:03:51 INFO  MySQL:42 - Successfully connected to MySQL database
2019-11-18 15:03:51 INFO  Main:46 - EMAIL UPDATED
2019-11-18 15:04:25 INFO  MySQL:34 - MySQL Driver Registered
2019-11-18 15:04:26 INFO  MySQL:42 - Successfully connected to MySQL database
2019-11-18 15:04:26 INFO  MySQL:34 - MySQL Driver Registered
2019-11-18 15:04:26 INFO  MySQL:42 - Successfully connected to MySQL database
2019-11-18 15:04:26 INFO  Main:46 - EMAIL UPDATED
2019-11-18 15:20:04 INFO  MySQL:34 - MySQL Driver Registered
2019-11-18 15:20:05 INFO  MySQL:42 - Successfully connected to MySQL database
2019-11-18 15:20:05 INFO  Main:56 - You will have to try harder than that!
2019-11-18 15:23:44 INFO  MySQL:34 - MySQL Driver Registered
2019-11-18 15:23:44 INFO  MySQL:42 - Successfully connected to MySQL database
2019-11-18 15:23:44 INFO  Main:56 - You will have to try harder than that!
2019-11-18 15:30:06 INFO  MySQL:34 - MySQL Driver Registered
2019-11-18 15:30:08 INFO  MySQL:42 - Successfully connected to MySQL database
2019-11-18 15:31:43 INFO  Main:56 - You will have to try harder than that!
2019-11-18 15:32:11 INFO  MySQL:34 - MySQL Driver Registered
2019-11-18 15:32:13 INFO  MySQL:42 - Successfully connected to MySQL database
2019-11-18 15:34:50 INFO  Main:56 - You will have to try harder than that!
2019-11-18 15:39:36 INFO  MySQL:34 - MySQL Driver Registered
2019-11-18 15:39:36 INFO  MySQL:42 - Successfully connected to MySQL database
2019-11-18 15:39:37 INFO  Main:53 - EMAIL DELETED
2019-11-19 07:28:31 INFO  MySQL:34 - MySQL Driver Registered
2019-11-19 07:28:32 INFO  MySQL:42 - Successfully connected to MySQL database
2019-11-19 07:28:32 INFO  Main:61 - Email Id is com.astontech.bo.Email@22a67b4
2019-11-19 07:30:10 INFO  MySQL:34 - MySQL Driver Registered
2019-11-19 07:30:10 INFO  MySQL:42 - Successfully connected to MySQL database
2019-11-19 08:05:58 INFO  MySQL:34 - MySQL Driver Registered
2019-11-19 08:05:59 INFO  MySQL:42 - Successfully connected to MySQL database
2019-11-19 08:08:43 INFO  MySQL:34 - MySQL Driver Registered
2019-11-19 08:08:44 INFO  MySQL:42 - Successfully connected to MySQL database
2019-11-19 08:08:44 INFO  MySQL:34 - MySQL Driver Registered
2019-11-19 08:08:44 INFO  MySQL:42 - Successfully connected to MySQL database
2019-11-19 08:08:44 INFO  Main:61 - Employee is com.astontech.bo.Employee@51cdd8a
2019-11-19 08:19:31 INFO  MySQL:34 - MySQL Driver Registered
2019-11-19 08:19:32 INFO  MySQL:42 - Successfully connected to MySQL database
2019-11-19 08:19:32 INFO  MySQL:34 - MySQL Driver Registered
2019-11-19 08:19:32 INFO  MySQL:42 - Successfully connected to MySQL database
2019-11-19 08:19:32 INFO  Main:61 - Employee is Captain Falcon ,2000-02-01
2019-11-19 09:07:28 INFO  MySQL:34 - MySQL Driver Registered
2019-11-19 09:07:29 INFO  MySQL:42 - Successfully connected to MySQL database
2019-11-19 09:07:29 ERROR MySQL:81 - com.mysql.jdbc.exceptions.jdbc4.MySQLSyntaxErrorException: You have an error in your SQL syntax; check the manual that corresponds to your MySQL server version for the right syntax to use near '{call ExecEmployee(10,0,'2019-11-19','2019-11-19')' at line 1
2019-11-19 09:13:00 INFO  MySQL:34 - MySQL Driver Registered
2019-11-19 09:13:01 INFO  MySQL:42 - Successfully connected to MySQL database
2019-11-19 09:13:01 ERROR MySQL:81 - com.mysql.jdbc.exceptions.jdbc4.MySQLSyntaxErrorException: You have an error in your SQL syntax; check the manual that corresponds to your MySQL server version for the right syntax to use near '{call ExecEmployee(10,0,'2019-11-19','2019-11-19')' at line 1
2019-11-19 10:42:22 INFO  MySQL:34 - MySQL Driver Registered
2019-11-19 10:42:23 INFO  MySQL:42 - Successfully connected to MySQL database
2019-11-19 10:42:23 ERROR MySQL:82 - java.sql.SQLException: Parameter index out of range (5 > number of parameters, which is 4).
2019-11-19 10:43:03 INFO  MySQL:34 - MySQL Driver Registered
2019-11-19 10:43:04 INFO  MySQL:42 - Successfully connected to MySQL database
2019-11-19 10:43:04 ERROR MySQL:82 - com.mysql.jdbc.exceptions.jdbc4.MySQLSyntaxErrorException: You have an error in your SQL syntax; check the manual that corresponds to your MySQL server version for the right syntax to use near '{call ExecEmployee(10,0,'2019-11-19','2019-11-19',7)' at line 1
2019-11-19 10:47:15 INFO  MySQL:34 - MySQL Driver Registered
2019-11-19 10:47:16 INFO  MySQL:42 - Successfully connected to MySQL database
2019-11-19 11:00:52 INFO  MySQL:34 - MySQL Driver Registered
2019-11-19 11:00:53 INFO  MySQL:42 - Successfully connected to MySQL database
2019-11-19 11:00:53 INFO  Main:77 - He'll be back
2019-11-19 11:01:38 INFO  MySQL:34 - MySQL Driver Registered
2019-11-19 11:01:39 INFO  MySQL:42 - Successfully connected to MySQL database
2019-11-19 11:01:39 INFO  Main:74 - EMPLOYEE TERMINATED
2019-11-19 11:13:32 INFO  MySQL:34 - MySQL Driver Registered
2019-11-19 11:13:32 INFO  MySQL:42 - Successfully connected to MySQL database
2019-11-19 11:14:01 INFO  MySQL:34 - MySQL Driver Registered
2019-11-19 11:14:01 INFO  MySQL:42 - Successfully connected to MySQL database
2019-11-19 11:14:01 INFO  Main:84 - Phone is 1234555
2019-11-19 12:37:52 INFO  MySQL:34 - MySQL Driver Registered
2019-11-19 12:37:53 INFO  MySQL:42 - Successfully connected to MySQL database
2019-11-19 12:37:53 INFO  Main:94 - PHONE RECORD INSERTED SUCCESFULLY
2019-11-19 13:02:33 INFO  MySQL:34 - MySQL Driver Registered
2019-11-19 13:02:34 INFO  MySQL:42 - Successfully connected to MySQL database
2019-11-19 13:02:34 INFO  Main:104 - 1UPDATED SUCCESSFULLY
2019-11-19 13:09:04 INFO  MySQL:34 - MySQL Driver Registered
2019-11-19 13:09:05 INFO  MySQL:42 - Successfully connected to MySQL database
2019-11-19 13:09:05 ERROR MySQL:130 - com.mysql.jdbc.exceptions.jdbc4.MySQLIntegrityConstraintViolationException: Cannot add or update a child row: a foreign key constraint fails (`db2`.`Phone`, CONSTRAINT `Phone_ibfk_1` FOREIGN KEY (`EntityTypeId`) REFERENCES `EntityType` (`EntityTypeId`))
2019-11-19 13:09:05 INFO  Main:113 - you missed
2019-11-19 13:13:12 INFO  MySQL:34 - MySQL Driver Registered
2019-11-19 13:13:13 INFO  MySQL:42 - Successfully connected to MySQL database
2019-11-19 13:13:13 INFO  Main:110 - PHONE RECORD TERMINATED, GOODBYE
2019-11-20 08:52:21 INFO  MySQL:34 - MySQL Driver Registered
2019-11-20 08:52:22 INFO  MySQL:42 - Successfully connected to MySQL database
2019-11-20 08:52:22 ERROR MySQL:80 - java.sql.SQLException: No value specified for parameter 10
2019-11-20 08:52:22 INFO  Main:133 - VEHICLE RECORD INSERTED
2019-11-20 09:05:56 INFO  MySQL:34 - MySQL Driver Registered
2019-11-20 09:05:56 INFO  MySQL:42 - Successfully connected to MySQL database
2019-11-20 09:05:57 ERROR MySQL:81 - java.sql.SQLException: Data truncated for column 'Year' at row 1
2019-11-20 09:05:57 INFO  Main:133 - VEHICLE RECORD INSERTED
2019-11-20 09:08:20 INFO  MySQL:34 - MySQL Driver Registered
2019-11-20 09:08:20 INFO  MySQL:42 - Successfully connected to MySQL database
2019-11-20 09:08:20 ERROR MySQL:81 - java.sql.SQLException: Data truncated for column 'Year' at row 1
2019-11-20 09:08:20 INFO  Main:133 - VEHICLE RECORD INSERTED
2019-11-20 09:10:43 INFO  MySQL:34 - MySQL Driver Registered
2019-11-20 09:10:44 INFO  MySQL:42 - Successfully connected to MySQL database
2019-11-20 09:10:44 ERROR MySQL:81 - java.sql.SQLException: Data truncated for column 'Year' at row 1
2019-11-20 09:10:44 INFO  Main:133 - VEHICLE RECORD INSERTED
2019-11-20 13:10:18 INFO  MySQL:34 - MySQL Driver Registered
2019-11-20 13:10:19 INFO  MySQL:42 - Successfully connected to MySQL database
2019-11-20 13:10:19 INFO  Main:144 - DID IT WORK?
2019-11-20 13:14:38 INFO  MySQL:34 - MySQL Driver Registered
2019-11-20 13:14:39 INFO  MySQL:42 - Successfully connected to MySQL database
2019-11-20 13:14:39 INFO  Main:144 - DID IT WORK?
2019-11-20 13:14:39 INFO  MySQL:34 - MySQL Driver Registered
2019-11-20 13:14:39 INFO  MySQL:42 - Successfully connected to MySQL database
2019-11-20 13:14:39 ERROR MySQL:103 - com.mysql.jdbc.exceptions.jdbc4.MySQLSyntaxErrorException: Unknown column 'a.VehicleMake' in 'where clause'
2019-11-20 13:14:39 INFO  Main:150 - whoops
2019-11-20 13:16:57 INFO  MySQL:34 - MySQL Driver Registered
2019-11-20 13:16:58 INFO  MySQL:42 - Successfully connected to MySQL database
2019-11-20 13:16:58 INFO  Main:150 - whoops
2019-11-20 13:18:21 INFO  MySQL:34 - MySQL Driver Registered
2019-11-20 13:18:22 INFO  MySQL:42 - Successfully connected to MySQL database
2019-11-20 13:18:22 INFO  Main:150 - whoops
2019-11-20 13:20:39 INFO  MySQL:34 - MySQL Driver Registered
2019-11-20 13:20:40 INFO  MySQL:42 - Successfully connected to MySQL database
2019-11-20 13:20:40 INFO  Main:150 - whoops
2019-11-20 13:27:39 INFO  MySQL:34 - MySQL Driver Registered
2019-11-20 13:27:40 INFO  MySQL:42 - Successfully connected to MySQL database
2019-11-20 13:27:40 INFO  Main:147 - RECORD UPDATED
2019-11-20 13:33:09 INFO  MySQL:34 - MySQL Driver Registered
2019-11-20 13:33:09 INFO  MySQL:42 - Successfully connected to MySQL database
2019-11-20 13:33:09 INFO  Main:154 - VEHICLE DELETED
2019-11-20 13:36:00 INFO  MySQL:34 - MySQL Driver Registered
2019-11-20 13:36:01 INFO  MySQL:42 - Successfully connected to MySQL database
2019-11-20 13:36:01 ERROR MySQL:126 - com.mysql.jdbc.exceptions.jdbc4.MySQLSyntaxErrorException: Unknown column 'VehicleMake' in 'where clause'
2019-11-20 13:36:01 INFO  Main:157 - TOO WEAK TO WEAK!
2019-11-20 13:37:07 INFO  MySQL:34 - MySQL Driver Registered
2019-11-20 13:37:07 INFO  MySQL:42 - Successfully connected to MySQL database
2019-11-20 13:37:07 ERROR MySQL:126 - com.mysql.jdbc.exceptions.jdbc4.MySQLSyntaxErrorException: Unknown column 'a.VehicleMake' in 'where clause'
2019-11-20 13:37:07 INFO  Main:157 - TOO WEAK TO WEAK!
2019-11-20 13:37:42 INFO  MySQL:34 - MySQL Driver Registered
2019-11-20 13:37:42 INFO  MySQL:42 - Successfully connected to MySQL database
2019-11-20 13:37:43 ERROR MySQL:126 - com.mysql.jdbc.exceptions.jdbc4.MySQLSyntaxErrorException: Unknown column 'a.VehicleMakeId' in 'where clause'
2019-11-20 13:37:43 INFO  Main:157 - TOO WEAK TO WEAK!
2019-11-20 13:38:03 INFO  MySQL:34 - MySQL Driver Registered
2019-11-20 13:38:03 INFO  MySQL:42 - Successfully connected to MySQL database
2019-11-20 13:38:03 ERROR MySQL:126 - com.mysql.jdbc.exceptions.jdbc4.MySQLIntegrityConstraintViolationException: Cannot delete or update a parent row: a foreign key constraint fails (`db2`.`VehicleModel`, CONSTRAINT `VehicleModel_ibfk_1` FOREIGN KEY (`VehicleMakeId`) REFERENCES `VehicleMake` (`VehicleMakeId`))
2019-11-20 13:38:03 INFO  Main:157 - TOO WEAK TO WEAK!
2019-11-20 13:50:28 INFO  MySQL:34 - MySQL Driver Registered
2019-11-20 13:50:29 INFO  MySQL:42 - Successfully connected to MySQL database
2019-11-20 13:50:29 INFO  Main:154 - VEHICLE DELETED
2019-11-20 13:51:24 INFO  MySQL:34 - MySQL Driver Registered
2019-11-20 13:51:24 INFO  MySQL:42 - Successfully connected to MySQL database
2019-11-20 13:51:24 INFO  Main:154 - VEHICLE DELETED
2019-11-20 14:43:41 INFO  MySQL:34 - MySQL Driver Registered
2019-11-20 14:43:42 INFO  MySQL:42 - Successfully connected to MySQL database
2019-11-20 14:44:36 INFO  MySQL:34 - MySQL Driver Registered
2019-11-20 14:44:37 INFO  MySQL:42 - Successfully connected to MySQL database
2019-11-20 14:47:56 INFO  MySQL:34 - MySQL Driver Registered
2019-11-20 14:47:57 INFO  MySQL:42 - Successfully connected to MySQL database
2019-11-20 15:01:47 INFO  MySQL:34 - MySQL Driver Registered
2019-11-20 15:01:48 INFO  MySQL:42 - Successfully connected to MySQL database
2019-11-20 15:01:48 ERROR MySQL:58 - java.sql.SQLException: Parameter index out of range (5 > number of parameters, which is 4).
2019-11-20 15:01:48 INFO  Main:171 - DID IT WORK?????????
2019-11-20 15:02:40 INFO  MySQL:34 - MySQL Driver Registered
2019-11-20 15:02:41 INFO  MySQL:42 - Successfully connected to MySQL database
2019-11-20 15:02:41 INFO  Main:171 - DID IT WORK?????????
2019-11-20 15:03:14 INFO  MySQL:34 - MySQL Driver Registered
2019-11-20 15:03:14 INFO  MySQL:42 - Successfully connected to MySQL database
2019-11-20 15:03:15 INFO  Main:171 - DID IT WORK?????????
2019-11-20 15:04:04 INFO  MySQL:34 - MySQL Driver Registered
2019-11-20 15:04:05 INFO  MySQL:42 - Successfully connected to MySQL database
2019-11-20 15:04:05 INFO  Main:172 - DID IT WORK?????????
2019-11-20 15:10:43 INFO  Main:176 - you fool. you absolute creting
2019-11-20 15:14:34 INFO  Main:176 - you fool. you absolute cretin
2019-11-20 15:20:31 INFO  MySQL:34 - MySQL Driver Registered
2019-11-20 15:20:32 INFO  MySQL:42 - Successfully connected to MySQL database
2019-11-20 15:20:32 INFO  Main:173 - YOU DID IT HUGE SUCCESS
2019-11-20 15:31:49 INFO  MySQL:34 - MySQL Driver Registered
2019-11-20 15:31:50 INFO  MySQL:42 - Successfully connected to MySQL database
2019-11-20 15:31:50 INFO  Main:180 - VEE HICKLE DELETED
2019-11-20 15:52:06 INFO  MySQL:34 - MySQL Driver Registered
2019-11-20 15:52:07 INFO  MySQL:42 - Successfully connected to MySQL database
2019-11-20 15:52:07 ERROR MySQL:82 - java.sql.SQLException: Data truncated for column 'Year' at row 1
2019-11-20 15:52:07 INFO  Main:185 - VEHICLE RECORD INSERTED
2019-11-20 15:58:19 INFO  MySQL:34 - MySQL Driver Registered
2019-11-20 15:58:19 INFO  MySQL:42 - Successfully connected to MySQL database
2019-11-20 15:58:19 ERROR MySQL:82 - java.sql.SQLException: Data truncated for column 'Year' at row 1
2019-11-20 15:58:19 INFO  Main:185 - did it work?
2019-11-20 16:08:08 INFO  MySQL:34 - MySQL Driver Registered
2019-11-20 16:08:09 INFO  MySQL:42 - Successfully connected to MySQL database
2019-11-20 16:08:09 ERROR MySQL:82 - com.mysql.jdbc.MysqlDataTruncation: Data truncation: Data too long for column 'LicensPlate' at row 1
2019-11-20 16:08:09 INFO  Main:185 - did it work?
2019-11-20 16:08:38 INFO  MySQL:34 - MySQL Driver Registered
2019-11-20 16:08:39 INFO  MySQL:42 - Successfully connected to MySQL database
2019-11-20 16:08:39 ERROR MySQL:82 - java.sql.SQLException: Data truncated for column 'Vin' at row 1
2019-11-20 16:08:39 INFO  Main:185 - did it work?
2019-11-20 16:09:34 INFO  MySQL:34 - MySQL Driver Registered
2019-11-20 16:09:35 INFO  MySQL:42 - Successfully connected to MySQL database
2019-11-20 16:09:35 ERROR MySQL:82 - java.sql.SQLException: Data truncated for column 'Vin' at row 1
2019-11-20 16:09:35 INFO  Main:185 - did it work?
2019-11-20 16:10:53 INFO  MySQL:34 - MySQL Driver Registered
2019-11-20 16:10:53 INFO  MySQL:42 - Successfully connected to MySQL database
2019-11-20 16:10:53 ERROR MySQL:82 - java.sql.SQLException: Data truncated for column 'Vin' at row 1
2019-11-20 16:10:53 INFO  Main:185 - did it work?
2019-11-20 16:12:44 INFO  MySQL:34 - MySQL Driver Registered
2019-11-20 16:12:45 INFO  MySQL:42 - Successfully connected to MySQL database
2019-11-20 16:12:45 INFO  Main:185 - did it work?
2019-11-20 16:13:22 INFO  MySQL:34 - MySQL Driver Registered
2019-11-20 16:13:22 INFO  MySQL:42 - Successfully connected to MySQL database
2019-11-20 16:13:22 INFO  Main:185 - did it work?
2019-11-20 16:26:58 INFO  MySQL:34 - MySQL Driver Registered
2019-11-20 16:26:58 INFO  MySQL:42 - Successfully connected to MySQL database
2019-11-20 16:26:58 INFO  Main:185 - did it work?
2019-11-21 07:43:35 INFO  MySQL:34 - MySQL Driver Registered
2019-11-21 07:43:35 INFO  MySQL:42 - Successfully connected to MySQL database
2019-11-21 07:43:36 INFO  Main:185 - did it work?
2019-11-21 07:59:21 INFO  MySQL:34 - MySQL Driver Registered
2019-11-21 07:59:22 INFO  MySQL:42 - Successfully connected to MySQL database
2019-11-21 08:00:55 INFO  MySQL:34 - MySQL Driver Registered
2019-11-21 08:00:56 INFO  MySQL:42 - Successfully connected to MySQL database
2019-11-21 08:02:07 INFO  MySQL:34 - MySQL Driver Registered
2019-11-21 08:02:08 INFO  MySQL:42 - Successfully connected to MySQL database
2019-11-21 08:02:08 INFO  Main:185 - did it work?
2019-11-21 08:02:08 INFO  MySQL:34 - MySQL Driver Registered
2019-11-21 08:02:08 INFO  MySQL:42 - Successfully connected to MySQL database
2019-11-21 08:02:08 INFO  Main:192 - TRANSFORM AND ROLL OUT
2019-11-21 08:06:50 INFO  MySQL:34 - MySQL Driver Registered
2019-11-21 08:06:50 INFO  MySQL:42 - Successfully connected to MySQL database
2019-11-21 08:06:51 INFO  Main:192 - TRANSFORM AND ROLL OUT
2019-11-21 08:08:36 INFO  MySQL:34 - MySQL Driver Registered
2019-11-21 08:08:36 INFO  MySQL:42 - Successfully connected to MySQL database
2019-11-21 08:08:37 INFO  Main:185 - did it work?
2019-11-21 08:15:09 INFO  MySQL:34 - MySQL Driver Registered
2019-11-21 08:15:10 INFO  MySQL:42 - Successfully connected to MySQL database
2019-11-21 08:15:10 INFO  Main:185 - did it work?
2019-11-21 08:16:07 INFO  MySQL:34 - MySQL Driver Registered
2019-11-21 08:16:08 INFO  MySQL:42 - Successfully connected to MySQL database
2019-11-21 08:16:08 INFO  Main:185 - did it work?
2019-11-21 08:21:52 INFO  MySQL:34 - MySQL Driver Registered
2019-11-21 08:21:53 INFO  MySQL:42 - Successfully connected to MySQL database
2019-11-21 08:21:53 INFO  Main:185 - did it work?
2019-11-21 08:21:53 INFO  MySQL:34 - MySQL Driver Registered
2019-11-21 08:21:53 INFO  MySQL:42 - Successfully connected to MySQL database
2019-11-21 08:21:53 INFO  Main:199 - VEHICLE DELETED
2019-11-21 08:58:30 INFO  Main:31 - Simple Name: com.astontech.bo.Employee
2019-11-21 09:17:15 INFO  Main:33 - Full Name: com.astontech.bo.Employee
2019-11-21 09:17:15 INFO  Main:34 - Simple Name: Employee
2019-11-21 09:17:15 INFO  Main:36 - Field: employeeId - Type: int
2019-11-21 09:17:15 INFO  Main:36 - Field: HireDate - Type: class java.util.Date
2019-11-21 09:17:15 INFO  Main:36 - Field: TermDate - Type: class java.util.Date
2019-11-21 09:17:15 INFO  Main:39 - Method: getHireDate
2019-11-21 09:17:15 INFO  Main:39 - Method: setHireDate
2019-11-21 09:17:15 INFO  Main:39 - Method: setTermDate
2019-11-21 09:17:15 INFO  Main:39 - Method: getTermDate
2019-11-21 09:17:15 INFO  Main:39 - Method: getEmployeeId
2019-11-21 09:17:15 INFO  Main:39 - Method: setEmployeeId
2019-11-21 09:18:34 INFO  Main:34 - Full Name: common.helpers.DateHelper
2019-11-21 09:18:34 INFO  Main:35 - Simple Name: DateHelper
2019-11-21 09:18:34 INFO  Main:40 - Method: utilDateToSqlDate
2019-11-21 09:18:34 INFO  Main:40 - Method: sqlDateToUtilDate
